[1.825s] DEBUG:colcon:Command line arguments: ['/usr/bin/colcon', 'build', '--packages-select', 'turtlebot3_walker_ros2']
[1.825s] DEBUG:colcon:Parsed command line arguments: Namespace(log_base=None, log_level=None, verb_name='build', build_base='build', install_base='install', merge_install=False, symlink_install=False, test_result_base=None, continue_on_error=False, executor='parallel', parallel_workers=8, event_handlers=None, ignore_user_meta=False, metas=['./colcon.meta'], base_paths=['.'], packages_ignore=None, packages_ignore_regex=None, paths=None, packages_up_to=None, packages_up_to_regex=None, packages_above=None, packages_above_and_dependencies=None, packages_above_depth=None, packages_select_by_dep=None, packages_skip_by_dep=None, packages_skip_up_to=None, packages_select_build_failed=False, packages_skip_build_finished=False, packages_select_test_failures=False, packages_skip_test_passed=False, packages_select=['turtlebot3_walker_ros2'], packages_skip=None, packages_select_regex=None, packages_skip_regex=None, packages_start=None, packages_end=None, allow_overriding=[], cmake_args=None, cmake_target=None, cmake_target_skip_unavailable=False, cmake_clean_cache=False, cmake_clean_first=False, cmake_force_configure=False, ament_cmake_args=None, catkin_cmake_args=None, catkin_skip_building_tests=False, verb_parser=<colcon_defaults.argument_parser.defaults.DefaultArgumentsDecorator object at 0x7fa6b73d18d0>, verb_extension=<colcon_core.verb.build.BuildVerb object at 0x7fa6b73603d0>, main=<bound method BuildVerb.main of <colcon_core.verb.build.BuildVerb object at 0x7fa6b73603d0>>)
[1.913s] Level 1:colcon.colcon_core.package_discovery:discover_packages(colcon_meta) check parameters
[1.913s] Level 1:colcon.colcon_core.package_discovery:discover_packages(recursive) check parameters
[1.913s] Level 1:colcon.colcon_core.package_discovery:discover_packages(ignore) check parameters
[1.913s] Level 1:colcon.colcon_core.package_discovery:discover_packages(path) check parameters
[1.913s] Level 1:colcon.colcon_core.package_discovery:discover_packages(colcon_meta) discover
[1.913s] Level 1:colcon.colcon_core.package_discovery:discover_packages(recursive) discover
[1.913s] INFO:colcon.colcon_core.package_discovery:Crawling recursively for packages in '/home/sas/ros2_ws/src/turtlebot3_walker_ros2'
[1.913s] Level 1:colcon.colcon_core.package_identification:_identify(.) by extensions ['ignore', 'ignore_ament_install']
[1.914s] Level 1:colcon.colcon_core.package_identification:_identify(.) by extension 'ignore'
[1.914s] Level 1:colcon.colcon_core.package_identification:_identify(.) by extension 'ignore_ament_install'
[1.914s] Level 1:colcon.colcon_core.package_identification:_identify(.) by extensions ['colcon_pkg']
[1.914s] Level 1:colcon.colcon_core.package_identification:_identify(.) by extension 'colcon_pkg'
[1.914s] Level 1:colcon.colcon_core.package_identification:_identify(.) by extensions ['colcon_meta']
[1.914s] Level 1:colcon.colcon_core.package_identification:_identify(.) by extension 'colcon_meta'
[1.914s] Level 1:colcon.colcon_core.package_identification:_identify(.) by extensions ['ros']
[1.914s] Level 1:colcon.colcon_core.package_identification:_identify(.) by extension 'ros'
[1.940s] DEBUG:colcon.colcon_core.package_identification:Package '.' with type 'ros.ament_cmake' and name 'turtlebot3_walker_ros2'
[1.940s] Level 1:colcon.colcon_core.package_discovery:discover_packages(recursive) using defaults
[1.940s] Level 1:colcon.colcon_core.package_discovery:discover_packages(ignore) discover
[1.940s] Level 1:colcon.colcon_core.package_discovery:discover_packages(ignore) using defaults
[1.940s] Level 1:colcon.colcon_core.package_discovery:discover_packages(path) discover
[1.940s] Level 1:colcon.colcon_core.package_discovery:discover_packages(path) using defaults
[2.094s] Level 1:colcon.colcon_core.package_discovery:discover_packages(prefix_path) check parameters
[2.094s] Level 1:colcon.colcon_core.package_discovery:discover_packages(prefix_path) discover
[2.142s] DEBUG:colcon.colcon_installed_package_information.package_discovery:Found 1 installed packages in /home/sas/ros2_ws/src/turtlebot3_walker_ros2/install
[2.169s] DEBUG:colcon.colcon_installed_package_information.package_discovery:Found 434 installed packages in /opt/ros/humble
[2.188s] Level 1:colcon.colcon_core.package_discovery:discover_packages(prefix_path) using defaults
[2.389s] Level 5:colcon.colcon_core.verb:set package 'turtlebot3_walker_ros2' build argument 'cmake_args' from command line to 'None'
[2.389s] Level 5:colcon.colcon_core.verb:set package 'turtlebot3_walker_ros2' build argument 'cmake_target' from command line to 'None'
[2.389s] Level 5:colcon.colcon_core.verb:set package 'turtlebot3_walker_ros2' build argument 'cmake_target_skip_unavailable' from command line to 'False'
[2.389s] Level 5:colcon.colcon_core.verb:set package 'turtlebot3_walker_ros2' build argument 'cmake_clean_cache' from command line to 'False'
[2.389s] Level 5:colcon.colcon_core.verb:set package 'turtlebot3_walker_ros2' build argument 'cmake_clean_first' from command line to 'False'
[2.389s] Level 5:colcon.colcon_core.verb:set package 'turtlebot3_walker_ros2' build argument 'cmake_force_configure' from command line to 'False'
[2.389s] Level 5:colcon.colcon_core.verb:set package 'turtlebot3_walker_ros2' build argument 'ament_cmake_args' from command line to 'None'
[2.389s] Level 5:colcon.colcon_core.verb:set package 'turtlebot3_walker_ros2' build argument 'catkin_cmake_args' from command line to 'None'
[2.389s] Level 5:colcon.colcon_core.verb:set package 'turtlebot3_walker_ros2' build argument 'catkin_skip_building_tests' from command line to 'False'
[2.389s] DEBUG:colcon.colcon_core.verb:Building package 'turtlebot3_walker_ros2' with the following arguments: {'ament_cmake_args': None, 'build_base': '/home/sas/ros2_ws/src/turtlebot3_walker_ros2/build/turtlebot3_walker_ros2', 'catkin_cmake_args': None, 'catkin_skip_building_tests': False, 'cmake_args': None, 'cmake_clean_cache': False, 'cmake_clean_first': False, 'cmake_force_configure': False, 'cmake_target': None, 'cmake_target_skip_unavailable': False, 'install_base': '/home/sas/ros2_ws/src/turtlebot3_walker_ros2/install/turtlebot3_walker_ros2', 'merge_install': False, 'path': '/home/sas/ros2_ws/src/turtlebot3_walker_ros2', 'symlink_install': False, 'test_result_base': None}
[2.414s] INFO:colcon.colcon_core.executor:Executing jobs using 'parallel' executor
[2.440s] DEBUG:colcon.colcon_parallel_executor.executor.parallel:run_until_complete
[2.441s] INFO:colcon.colcon_ros.task.ament_cmake.build:Building ROS package in '/home/sas/ros2_ws/src/turtlebot3_walker_ros2' with build type 'ament_cmake'
[2.442s] INFO:colcon.colcon_cmake.task.cmake.build:Building CMake package in '/home/sas/ros2_ws/src/turtlebot3_walker_ros2'
[2.468s] INFO:colcon.colcon_core.plugin_system:Skipping extension 'colcon_core.shell.bat': Not used on non-Windows systems
[2.468s] INFO:colcon.colcon_core.shell:Skip shell extension 'powershell' for command environment: Not usable outside of PowerShell
[2.468s] DEBUG:colcon.colcon_core.shell:Skip shell extension 'dsv' for command environment
[2.565s] DEBUG:colcon.colcon_core.event_handler.log_command:Invoking command in '/home/sas/ros2_ws/src/turtlebot3_walker_ros2/build/turtlebot3_walker_ros2': CMAKE_PREFIX_PATH=${CMAKE_PREFIX_PATH}:/opt/ros/humble /usr/bin/cmake --build /home/sas/ros2_ws/src/turtlebot3_walker_ros2/build/turtlebot3_walker_ros2 -- -j8 -l8
[2.704s] DEBUG:colcon.colcon_core.event_handler.log_command:Invoked command in '/home/sas/ros2_ws/src/turtlebot3_walker_ros2/build/turtlebot3_walker_ros2' returned '0': CMAKE_PREFIX_PATH=${CMAKE_PREFIX_PATH}:/opt/ros/humble /usr/bin/cmake --build /home/sas/ros2_ws/src/turtlebot3_walker_ros2/build/turtlebot3_walker_ros2 -- -j8 -l8
[2.769s] DEBUG:colcon.colcon_core.event_handler.log_command:Invoking command in '/home/sas/ros2_ws/src/turtlebot3_walker_ros2/build/turtlebot3_walker_ros2': CMAKE_PREFIX_PATH=${CMAKE_PREFIX_PATH}:/opt/ros/humble /usr/bin/cmake --install /home/sas/ros2_ws/src/turtlebot3_walker_ros2/build/turtlebot3_walker_ros2
[2.824s] Level 1:colcon.colcon_core.environment:create_environment_scripts_only(turtlebot3_walker_ros2)
[2.825s] DEBUG:colcon.colcon_core.event_handler.log_command:Invoked command in '/home/sas/ros2_ws/src/turtlebot3_walker_ros2/build/turtlebot3_walker_ros2' returned '0': CMAKE_PREFIX_PATH=${CMAKE_PREFIX_PATH}:/opt/ros/humble /usr/bin/cmake --install /home/sas/ros2_ws/src/turtlebot3_walker_ros2/build/turtlebot3_walker_ros2
[2.855s] Level 1:colcon.colcon_core.environment:checking '/home/sas/ros2_ws/src/turtlebot3_walker_ros2/install/turtlebot3_walker_ros2' for CMake module files
[2.856s] Level 1:colcon.colcon_core.environment:checking '/home/sas/ros2_ws/src/turtlebot3_walker_ros2/install/turtlebot3_walker_ros2' for CMake config files
[2.856s] Level 1:colcon.colcon_core.shell:create_environment_hook('turtlebot3_walker_ros2', 'cmake_prefix_path')
[2.883s] INFO:colcon.colcon_core.shell:Creating environment hook '/home/sas/ros2_ws/src/turtlebot3_walker_ros2/install/turtlebot3_walker_ros2/share/turtlebot3_walker_ros2/hook/cmake_prefix_path.ps1'
[2.884s] INFO:colcon.colcon_core.shell:Creating environment descriptor '/home/sas/ros2_ws/src/turtlebot3_walker_ros2/install/turtlebot3_walker_ros2/share/turtlebot3_walker_ros2/hook/cmake_prefix_path.dsv'
[2.885s] INFO:colcon.colcon_core.shell:Creating environment hook '/home/sas/ros2_ws/src/turtlebot3_walker_ros2/install/turtlebot3_walker_ros2/share/turtlebot3_walker_ros2/hook/cmake_prefix_path.sh'
[2.887s] Level 1:colcon.colcon_core.environment:checking '/home/sas/ros2_ws/src/turtlebot3_walker_ros2/install/turtlebot3_walker_ros2/lib'
[2.888s] Level 1:colcon.colcon_core.environment:checking '/home/sas/ros2_ws/src/turtlebot3_walker_ros2/install/turtlebot3_walker_ros2/bin'
[2.888s] Level 1:colcon.colcon_core.environment:checking '/home/sas/ros2_ws/src/turtlebot3_walker_ros2/install/turtlebot3_walker_ros2/lib/pkgconfig/turtlebot3_walker_ros2.pc'
[2.888s] Level 1:colcon.colcon_core.environment:checking '/home/sas/ros2_ws/src/turtlebot3_walker_ros2/install/turtlebot3_walker_ros2/lib/python3.10/site-packages'
[2.888s] Level 1:colcon.colcon_core.environment:checking '/home/sas/ros2_ws/src/turtlebot3_walker_ros2/install/turtlebot3_walker_ros2/bin'
[2.918s] INFO:colcon.colcon_core.shell:Creating package script '/home/sas/ros2_ws/src/turtlebot3_walker_ros2/install/turtlebot3_walker_ros2/share/turtlebot3_walker_ros2/package.ps1'
[2.920s] INFO:colcon.colcon_core.shell:Creating package descriptor '/home/sas/ros2_ws/src/turtlebot3_walker_ros2/install/turtlebot3_walker_ros2/share/turtlebot3_walker_ros2/package.dsv'
[2.922s] INFO:colcon.colcon_core.shell:Creating package script '/home/sas/ros2_ws/src/turtlebot3_walker_ros2/install/turtlebot3_walker_ros2/share/turtlebot3_walker_ros2/package.sh'
[2.924s] INFO:colcon.colcon_core.shell:Creating package script '/home/sas/ros2_ws/src/turtlebot3_walker_ros2/install/turtlebot3_walker_ros2/share/turtlebot3_walker_ros2/package.bash'
[2.925s] INFO:colcon.colcon_core.shell:Creating package script '/home/sas/ros2_ws/src/turtlebot3_walker_ros2/install/turtlebot3_walker_ros2/share/turtlebot3_walker_ros2/package.zsh'
[2.927s] Level 1:colcon.colcon_core.environment:create_file_with_runtime_dependencies(/home/sas/ros2_ws/src/turtlebot3_walker_ros2/install/turtlebot3_walker_ros2/share/colcon-core/packages/turtlebot3_walker_ros2)
[3.009s] Level 1:colcon.colcon_core.environment:create_environment_scripts_only(turtlebot3_walker_ros2)
[3.036s] Level 1:colcon.colcon_core.environment:checking '/home/sas/ros2_ws/src/turtlebot3_walker_ros2/install/turtlebot3_walker_ros2' for CMake module files
[3.037s] Level 1:colcon.colcon_core.environment:checking '/home/sas/ros2_ws/src/turtlebot3_walker_ros2/install/turtlebot3_walker_ros2' for CMake config files
[3.037s] Level 1:colcon.colcon_core.shell:create_environment_hook('turtlebot3_walker_ros2', 'cmake_prefix_path')
[3.066s] INFO:colcon.colcon_core.shell:Creating environment hook '/home/sas/ros2_ws/src/turtlebot3_walker_ros2/install/turtlebot3_walker_ros2/share/turtlebot3_walker_ros2/hook/cmake_prefix_path.ps1'
[3.067s] INFO:colcon.colcon_core.shell:Creating environment descriptor '/home/sas/ros2_ws/src/turtlebot3_walker_ros2/install/turtlebot3_walker_ros2/share/turtlebot3_walker_ros2/hook/cmake_prefix_path.dsv'
[3.068s] INFO:colcon.colcon_core.shell:Creating environment hook '/home/sas/ros2_ws/src/turtlebot3_walker_ros2/install/turtlebot3_walker_ros2/share/turtlebot3_walker_ros2/hook/cmake_prefix_path.sh'
[3.069s] Level 1:colcon.colcon_core.environment:checking '/home/sas/ros2_ws/src/turtlebot3_walker_ros2/install/turtlebot3_walker_ros2/lib'
[3.070s] Level 1:colcon.colcon_core.environment:checking '/home/sas/ros2_ws/src/turtlebot3_walker_ros2/install/turtlebot3_walker_ros2/bin'
[3.070s] Level 1:colcon.colcon_core.environment:checking '/home/sas/ros2_ws/src/turtlebot3_walker_ros2/install/turtlebot3_walker_ros2/lib/pkgconfig/turtlebot3_walker_ros2.pc'
[3.070s] Level 1:colcon.colcon_core.environment:checking '/home/sas/ros2_ws/src/turtlebot3_walker_ros2/install/turtlebot3_walker_ros2/lib/python3.10/site-packages'
[3.071s] Level 1:colcon.colcon_core.environment:checking '/home/sas/ros2_ws/src/turtlebot3_walker_ros2/install/turtlebot3_walker_ros2/bin'
[3.098s] INFO:colcon.colcon_core.shell:Creating package script '/home/sas/ros2_ws/src/turtlebot3_walker_ros2/install/turtlebot3_walker_ros2/share/turtlebot3_walker_ros2/package.ps1'
[3.099s] INFO:colcon.colcon_core.shell:Creating package descriptor '/home/sas/ros2_ws/src/turtlebot3_walker_ros2/install/turtlebot3_walker_ros2/share/turtlebot3_walker_ros2/package.dsv'
[3.100s] INFO:colcon.colcon_core.shell:Creating package script '/home/sas/ros2_ws/src/turtlebot3_walker_ros2/install/turtlebot3_walker_ros2/share/turtlebot3_walker_ros2/package.sh'
[3.101s] INFO:colcon.colcon_core.shell:Creating package script '/home/sas/ros2_ws/src/turtlebot3_walker_ros2/install/turtlebot3_walker_ros2/share/turtlebot3_walker_ros2/package.bash'
[3.102s] INFO:colcon.colcon_core.shell:Creating package script '/home/sas/ros2_ws/src/turtlebot3_walker_ros2/install/turtlebot3_walker_ros2/share/turtlebot3_walker_ros2/package.zsh'
[3.103s] Level 1:colcon.colcon_core.environment:create_file_with_runtime_dependencies(/home/sas/ros2_ws/src/turtlebot3_walker_ros2/install/turtlebot3_walker_ros2/share/colcon-core/packages/turtlebot3_walker_ros2)
[3.104s] DEBUG:colcon.colcon_parallel_executor.executor.parallel:closing loop
[3.105s] DEBUG:colcon.colcon_parallel_executor.executor.parallel:loop closed
[3.105s] DEBUG:colcon.colcon_parallel_executor.executor.parallel:run_until_complete finished with '0'
[3.105s] DEBUG:colcon.colcon_core.event_reactor:joining thread
[3.144s] INFO:colcon.colcon_core.plugin_system:Skipping extension 'colcon_notification.desktop_notification.terminal_notifier': Not used on non-Darwin systems
[3.145s] INFO:colcon.colcon_core.plugin_system:Skipping extension 'colcon_notification.desktop_notification.win32': Not used on non-Windows systems
[3.145s] INFO:colcon.colcon_notification.desktop_notification:Sending desktop notification using 'notify2'
[3.180s] DEBUG:colcon.colcon_core.event_reactor:joined thread
[3.208s] INFO:colcon.colcon_core.shell:Creating prefix script '/home/sas/ros2_ws/src/turtlebot3_walker_ros2/install/local_setup.ps1'
[3.211s] INFO:colcon.colcon_core.shell:Creating prefix util module '/home/sas/ros2_ws/src/turtlebot3_walker_ros2/install/_local_setup_util_ps1.py'
[3.213s] INFO:colcon.colcon_core.shell:Creating prefix chain script '/home/sas/ros2_ws/src/turtlebot3_walker_ros2/install/setup.ps1'
[3.244s] INFO:colcon.colcon_core.shell:Creating prefix script '/home/sas/ros2_ws/src/turtlebot3_walker_ros2/install/local_setup.sh'
[3.245s] INFO:colcon.colcon_core.shell:Creating prefix util module '/home/sas/ros2_ws/src/turtlebot3_walker_ros2/install/_local_setup_util_sh.py'
[3.247s] INFO:colcon.colcon_core.shell:Creating prefix chain script '/home/sas/ros2_ws/src/turtlebot3_walker_ros2/install/setup.sh'
[3.280s] INFO:colcon.colcon_core.shell:Creating prefix script '/home/sas/ros2_ws/src/turtlebot3_walker_ros2/install/local_setup.bash'
[3.281s] INFO:colcon.colcon_core.shell:Creating prefix chain script '/home/sas/ros2_ws/src/turtlebot3_walker_ros2/install/setup.bash'
[3.314s] INFO:colcon.colcon_core.shell:Creating prefix script '/home/sas/ros2_ws/src/turtlebot3_walker_ros2/install/local_setup.zsh'
[3.315s] INFO:colcon.colcon_core.shell:Creating prefix chain script '/home/sas/ros2_ws/src/turtlebot3_walker_ros2/install/setup.zsh'
