[2.483s] DEBUG:colcon:Command line arguments: ['/usr/bin/colcon', 'build', '--packages-select', 'turtlebot3_walker_ros2']
[2.483s] DEBUG:colcon:Parsed command line arguments: Namespace(log_base=None, log_level=None, verb_name='build', build_base='build', install_base='install', merge_install=False, symlink_install=False, test_result_base=None, continue_on_error=False, executor='parallel', parallel_workers=8, event_handlers=None, ignore_user_meta=False, metas=['./colcon.meta'], base_paths=['.'], packages_ignore=None, packages_ignore_regex=None, paths=None, packages_up_to=None, packages_up_to_regex=None, packages_above=None, packages_above_and_dependencies=None, packages_above_depth=None, packages_select_by_dep=None, packages_skip_by_dep=None, packages_skip_up_to=None, packages_select_build_failed=False, packages_skip_build_finished=False, packages_select_test_failures=False, packages_skip_test_passed=False, packages_select=['turtlebot3_walker_ros2'], packages_skip=None, packages_select_regex=None, packages_skip_regex=None, packages_start=None, packages_end=None, allow_overriding=[], cmake_args=None, cmake_target=None, cmake_target_skip_unavailable=False, cmake_clean_cache=False, cmake_clean_first=False, cmake_force_configure=False, ament_cmake_args=None, catkin_cmake_args=None, catkin_skip_building_tests=False, verb_parser=<colcon_defaults.argument_parser.defaults.DefaultArgumentsDecorator object at 0x7fb6229d1900>, verb_extension=<colcon_core.verb.build.BuildVerb object at 0x7fb6229604f0>, main=<bound method BuildVerb.main of <colcon_core.verb.build.BuildVerb object at 0x7fb6229604f0>>)
[2.626s] Level 1:colcon.colcon_core.package_discovery:discover_packages(colcon_meta) check parameters
[2.627s] Level 1:colcon.colcon_core.package_discovery:discover_packages(recursive) check parameters
[2.627s] Level 1:colcon.colcon_core.package_discovery:discover_packages(ignore) check parameters
[2.627s] Level 1:colcon.colcon_core.package_discovery:discover_packages(path) check parameters
[2.627s] Level 1:colcon.colcon_core.package_discovery:discover_packages(colcon_meta) discover
[2.627s] Level 1:colcon.colcon_core.package_discovery:discover_packages(recursive) discover
[2.627s] INFO:colcon.colcon_core.package_discovery:Crawling recursively for packages in '/home/sas/ros2_ws/src/turtlebot3_walker_ros2'
[2.627s] Level 1:colcon.colcon_core.package_identification:_identify(.) by extensions ['ignore', 'ignore_ament_install']
[2.628s] Level 1:colcon.colcon_core.package_identification:_identify(.) by extension 'ignore'
[2.628s] Level 1:colcon.colcon_core.package_identification:_identify(.) by extension 'ignore_ament_install'
[2.628s] Level 1:colcon.colcon_core.package_identification:_identify(.) by extensions ['colcon_pkg']
[2.628s] Level 1:colcon.colcon_core.package_identification:_identify(.) by extension 'colcon_pkg'
[2.628s] Level 1:colcon.colcon_core.package_identification:_identify(.) by extensions ['colcon_meta']
[2.628s] Level 1:colcon.colcon_core.package_identification:_identify(.) by extension 'colcon_meta'
[2.628s] Level 1:colcon.colcon_core.package_identification:_identify(.) by extensions ['ros']
[2.628s] Level 1:colcon.colcon_core.package_identification:_identify(.) by extension 'ros'
[2.663s] DEBUG:colcon.colcon_core.package_identification:Package '.' with type 'ros.ament_cmake' and name 'turtlebot3_walker_ros2'
[2.663s] Level 1:colcon.colcon_core.package_discovery:discover_packages(recursive) using defaults
[2.664s] Level 1:colcon.colcon_core.package_discovery:discover_packages(ignore) discover
[2.664s] Level 1:colcon.colcon_core.package_discovery:discover_packages(ignore) using defaults
[2.664s] Level 1:colcon.colcon_core.package_discovery:discover_packages(path) discover
[2.664s] Level 1:colcon.colcon_core.package_discovery:discover_packages(path) using defaults
[2.888s] Level 1:colcon.colcon_core.package_discovery:discover_packages(prefix_path) check parameters
[2.889s] Level 1:colcon.colcon_core.package_discovery:discover_packages(prefix_path) discover
[2.955s] DEBUG:colcon.colcon_installed_package_information.package_discovery:Found 434 installed packages in /opt/ros/humble
[2.974s] Level 1:colcon.colcon_core.package_discovery:discover_packages(prefix_path) using defaults
[3.171s] Level 5:colcon.colcon_core.verb:set package 'turtlebot3_walker_ros2' build argument 'cmake_args' from command line to 'None'
[3.172s] Level 5:colcon.colcon_core.verb:set package 'turtlebot3_walker_ros2' build argument 'cmake_target' from command line to 'None'
[3.172s] Level 5:colcon.colcon_core.verb:set package 'turtlebot3_walker_ros2' build argument 'cmake_target_skip_unavailable' from command line to 'False'
[3.172s] Level 5:colcon.colcon_core.verb:set package 'turtlebot3_walker_ros2' build argument 'cmake_clean_cache' from command line to 'False'
[3.172s] Level 5:colcon.colcon_core.verb:set package 'turtlebot3_walker_ros2' build argument 'cmake_clean_first' from command line to 'False'
[3.172s] Level 5:colcon.colcon_core.verb:set package 'turtlebot3_walker_ros2' build argument 'cmake_force_configure' from command line to 'False'
[3.172s] Level 5:colcon.colcon_core.verb:set package 'turtlebot3_walker_ros2' build argument 'ament_cmake_args' from command line to 'None'
[3.172s] Level 5:colcon.colcon_core.verb:set package 'turtlebot3_walker_ros2' build argument 'catkin_cmake_args' from command line to 'None'
[3.172s] Level 5:colcon.colcon_core.verb:set package 'turtlebot3_walker_ros2' build argument 'catkin_skip_building_tests' from command line to 'False'
[3.172s] DEBUG:colcon.colcon_core.verb:Building package 'turtlebot3_walker_ros2' with the following arguments: {'ament_cmake_args': None, 'build_base': '/home/sas/ros2_ws/src/turtlebot3_walker_ros2/build/turtlebot3_walker_ros2', 'catkin_cmake_args': None, 'catkin_skip_building_tests': False, 'cmake_args': None, 'cmake_clean_cache': False, 'cmake_clean_first': False, 'cmake_force_configure': False, 'cmake_target': None, 'cmake_target_skip_unavailable': False, 'install_base': '/home/sas/ros2_ws/src/turtlebot3_walker_ros2/install/turtlebot3_walker_ros2', 'merge_install': False, 'path': '/home/sas/ros2_ws/src/turtlebot3_walker_ros2', 'symlink_install': False, 'test_result_base': None}
[3.198s] INFO:colcon.colcon_core.executor:Executing jobs using 'parallel' executor
[3.226s] DEBUG:colcon.colcon_parallel_executor.executor.parallel:run_until_complete
[3.227s] INFO:colcon.colcon_ros.task.ament_cmake.build:Building ROS package in '/home/sas/ros2_ws/src/turtlebot3_walker_ros2' with build type 'ament_cmake'
[3.227s] INFO:colcon.colcon_cmake.task.cmake.build:Building CMake package in '/home/sas/ros2_ws/src/turtlebot3_walker_ros2'
[3.266s] INFO:colcon.colcon_core.plugin_system:Skipping extension 'colcon_core.shell.bat': Not used on non-Windows systems
[3.266s] INFO:colcon.colcon_core.shell:Skip shell extension 'powershell' for command environment: Not usable outside of PowerShell
[3.267s] DEBUG:colcon.colcon_core.shell:Skip shell extension 'dsv' for command environment
[3.334s] DEBUG:colcon.colcon_core.event_handler.log_command:Invoking command in '/home/sas/ros2_ws/src/turtlebot3_walker_ros2/build/turtlebot3_walker_ros2': CMAKE_PREFIX_PATH=/opt/ros/humble /usr/bin/cmake /home/sas/ros2_ws/src/turtlebot3_walker_ros2 -DCMAKE_INSTALL_PREFIX=/home/sas/ros2_ws/src/turtlebot3_walker_ros2/install/turtlebot3_walker_ros2
[7.865s] DEBUG:colcon.colcon_core.event_handler.log_command:Invoked command in '/home/sas/ros2_ws/src/turtlebot3_walker_ros2/build/turtlebot3_walker_ros2' returned '0': CMAKE_PREFIX_PATH=/opt/ros/humble /usr/bin/cmake /home/sas/ros2_ws/src/turtlebot3_walker_ros2 -DCMAKE_INSTALL_PREFIX=/home/sas/ros2_ws/src/turtlebot3_walker_ros2/install/turtlebot3_walker_ros2
[7.868s] DEBUG:colcon.colcon_core.event_handler.log_command:Invoking command in '/home/sas/ros2_ws/src/turtlebot3_walker_ros2/build/turtlebot3_walker_ros2': CMAKE_PREFIX_PATH=/opt/ros/humble /usr/bin/cmake --build /home/sas/ros2_ws/src/turtlebot3_walker_ros2/build/turtlebot3_walker_ros2 -- -j8 -l8
[32.028s] DEBUG:colcon.colcon_core.event_handler.log_command:Invoked command in '/home/sas/ros2_ws/src/turtlebot3_walker_ros2/build/turtlebot3_walker_ros2' returned '0': CMAKE_PREFIX_PATH=/opt/ros/humble /usr/bin/cmake --build /home/sas/ros2_ws/src/turtlebot3_walker_ros2/build/turtlebot3_walker_ros2 -- -j8 -l8
[32.092s] DEBUG:colcon.colcon_core.event_handler.log_command:Invoking command in '/home/sas/ros2_ws/src/turtlebot3_walker_ros2/build/turtlebot3_walker_ros2': CMAKE_PREFIX_PATH=/opt/ros/humble /usr/bin/cmake --install /home/sas/ros2_ws/src/turtlebot3_walker_ros2/build/turtlebot3_walker_ros2
[32.117s] Level 1:colcon.colcon_core.environment:create_environment_scripts_only(turtlebot3_walker_ros2)
[32.118s] DEBUG:colcon.colcon_core.event_handler.log_command:Invoked command in '/home/sas/ros2_ws/src/turtlebot3_walker_ros2/build/turtlebot3_walker_ros2' returned '0': CMAKE_PREFIX_PATH=/opt/ros/humble /usr/bin/cmake --install /home/sas/ros2_ws/src/turtlebot3_walker_ros2/build/turtlebot3_walker_ros2
[32.179s] Level 1:colcon.colcon_core.environment:checking '/home/sas/ros2_ws/src/turtlebot3_walker_ros2/install/turtlebot3_walker_ros2' for CMake module files
[32.180s] Level 1:colcon.colcon_core.environment:checking '/home/sas/ros2_ws/src/turtlebot3_walker_ros2/install/turtlebot3_walker_ros2' for CMake config files
[32.181s] Level 1:colcon.colcon_core.shell:create_environment_hook('turtlebot3_walker_ros2', 'cmake_prefix_path')
[32.213s] INFO:colcon.colcon_core.shell:Creating environment hook '/home/sas/ros2_ws/src/turtlebot3_walker_ros2/install/turtlebot3_walker_ros2/share/turtlebot3_walker_ros2/hook/cmake_prefix_path.ps1'
[32.215s] INFO:colcon.colcon_core.shell:Creating environment descriptor '/home/sas/ros2_ws/src/turtlebot3_walker_ros2/install/turtlebot3_walker_ros2/share/turtlebot3_walker_ros2/hook/cmake_prefix_path.dsv'
[32.216s] INFO:colcon.colcon_core.shell:Creating environment hook '/home/sas/ros2_ws/src/turtlebot3_walker_ros2/install/turtlebot3_walker_ros2/share/turtlebot3_walker_ros2/hook/cmake_prefix_path.sh'
[32.218s] Level 1:colcon.colcon_core.environment:checking '/home/sas/ros2_ws/src/turtlebot3_walker_ros2/install/turtlebot3_walker_ros2/lib'
[32.218s] Level 1:colcon.colcon_core.environment:checking '/home/sas/ros2_ws/src/turtlebot3_walker_ros2/install/turtlebot3_walker_ros2/bin'
[32.219s] Level 1:colcon.colcon_core.environment:checking '/home/sas/ros2_ws/src/turtlebot3_walker_ros2/install/turtlebot3_walker_ros2/lib/pkgconfig/turtlebot3_walker_ros2.pc'
[32.219s] Level 1:colcon.colcon_core.environment:checking '/home/sas/ros2_ws/src/turtlebot3_walker_ros2/install/turtlebot3_walker_ros2/lib/python3.10/site-packages'
[32.220s] Level 1:colcon.colcon_core.environment:checking '/home/sas/ros2_ws/src/turtlebot3_walker_ros2/install/turtlebot3_walker_ros2/bin'
[32.248s] INFO:colcon.colcon_core.shell:Creating package script '/home/sas/ros2_ws/src/turtlebot3_walker_ros2/install/turtlebot3_walker_ros2/share/turtlebot3_walker_ros2/package.ps1'
[32.250s] INFO:colcon.colcon_core.shell:Creating package descriptor '/home/sas/ros2_ws/src/turtlebot3_walker_ros2/install/turtlebot3_walker_ros2/share/turtlebot3_walker_ros2/package.dsv'
[32.252s] INFO:colcon.colcon_core.shell:Creating package script '/home/sas/ros2_ws/src/turtlebot3_walker_ros2/install/turtlebot3_walker_ros2/share/turtlebot3_walker_ros2/package.sh'
[32.254s] INFO:colcon.colcon_core.shell:Creating package script '/home/sas/ros2_ws/src/turtlebot3_walker_ros2/install/turtlebot3_walker_ros2/share/turtlebot3_walker_ros2/package.bash'
[32.256s] INFO:colcon.colcon_core.shell:Creating package script '/home/sas/ros2_ws/src/turtlebot3_walker_ros2/install/turtlebot3_walker_ros2/share/turtlebot3_walker_ros2/package.zsh'
[32.259s] Level 1:colcon.colcon_core.environment:create_file_with_runtime_dependencies(/home/sas/ros2_ws/src/turtlebot3_walker_ros2/install/turtlebot3_walker_ros2/share/colcon-core/packages/turtlebot3_walker_ros2)
[32.340s] Level 1:colcon.colcon_core.environment:create_environment_scripts_only(turtlebot3_walker_ros2)
[32.372s] Level 1:colcon.colcon_core.environment:checking '/home/sas/ros2_ws/src/turtlebot3_walker_ros2/install/turtlebot3_walker_ros2' for CMake module files
[32.373s] Level 1:colcon.colcon_core.environment:checking '/home/sas/ros2_ws/src/turtlebot3_walker_ros2/install/turtlebot3_walker_ros2' for CMake config files
[32.374s] Level 1:colcon.colcon_core.shell:create_environment_hook('turtlebot3_walker_ros2', 'cmake_prefix_path')
[32.404s] INFO:colcon.colcon_core.shell:Creating environment hook '/home/sas/ros2_ws/src/turtlebot3_walker_ros2/install/turtlebot3_walker_ros2/share/turtlebot3_walker_ros2/hook/cmake_prefix_path.ps1'
[32.405s] INFO:colcon.colcon_core.shell:Creating environment descriptor '/home/sas/ros2_ws/src/turtlebot3_walker_ros2/install/turtlebot3_walker_ros2/share/turtlebot3_walker_ros2/hook/cmake_prefix_path.dsv'
[32.406s] INFO:colcon.colcon_core.shell:Creating environment hook '/home/sas/ros2_ws/src/turtlebot3_walker_ros2/install/turtlebot3_walker_ros2/share/turtlebot3_walker_ros2/hook/cmake_prefix_path.sh'
[32.408s] Level 1:colcon.colcon_core.environment:checking '/home/sas/ros2_ws/src/turtlebot3_walker_ros2/install/turtlebot3_walker_ros2/lib'
[32.408s] Level 1:colcon.colcon_core.environment:checking '/home/sas/ros2_ws/src/turtlebot3_walker_ros2/install/turtlebot3_walker_ros2/bin'
[32.408s] Level 1:colcon.colcon_core.environment:checking '/home/sas/ros2_ws/src/turtlebot3_walker_ros2/install/turtlebot3_walker_ros2/lib/pkgconfig/turtlebot3_walker_ros2.pc'
[32.409s] Level 1:colcon.colcon_core.environment:checking '/home/sas/ros2_ws/src/turtlebot3_walker_ros2/install/turtlebot3_walker_ros2/lib/python3.10/site-packages'
[32.409s] Level 1:colcon.colcon_core.environment:checking '/home/sas/ros2_ws/src/turtlebot3_walker_ros2/install/turtlebot3_walker_ros2/bin'
[32.442s] INFO:colcon.colcon_core.shell:Creating package script '/home/sas/ros2_ws/src/turtlebot3_walker_ros2/install/turtlebot3_walker_ros2/share/turtlebot3_walker_ros2/package.ps1'
[32.443s] INFO:colcon.colcon_core.shell:Creating package descriptor '/home/sas/ros2_ws/src/turtlebot3_walker_ros2/install/turtlebot3_walker_ros2/share/turtlebot3_walker_ros2/package.dsv'
[32.445s] INFO:colcon.colcon_core.shell:Creating package script '/home/sas/ros2_ws/src/turtlebot3_walker_ros2/install/turtlebot3_walker_ros2/share/turtlebot3_walker_ros2/package.sh'
[32.446s] INFO:colcon.colcon_core.shell:Creating package script '/home/sas/ros2_ws/src/turtlebot3_walker_ros2/install/turtlebot3_walker_ros2/share/turtlebot3_walker_ros2/package.bash'
[32.447s] INFO:colcon.colcon_core.shell:Creating package script '/home/sas/ros2_ws/src/turtlebot3_walker_ros2/install/turtlebot3_walker_ros2/share/turtlebot3_walker_ros2/package.zsh'
[32.448s] Level 1:colcon.colcon_core.environment:create_file_with_runtime_dependencies(/home/sas/ros2_ws/src/turtlebot3_walker_ros2/install/turtlebot3_walker_ros2/share/colcon-core/packages/turtlebot3_walker_ros2)
[32.449s] DEBUG:colcon.colcon_parallel_executor.executor.parallel:closing loop
[32.450s] DEBUG:colcon.colcon_parallel_executor.executor.parallel:loop closed
[32.451s] DEBUG:colcon.colcon_parallel_executor.executor.parallel:run_until_complete finished with '0'
[32.451s] DEBUG:colcon.colcon_core.event_reactor:joining thread
[32.502s] INFO:colcon.colcon_core.plugin_system:Skipping extension 'colcon_notification.desktop_notification.terminal_notifier': Not used on non-Darwin systems
[32.502s] INFO:colcon.colcon_core.plugin_system:Skipping extension 'colcon_notification.desktop_notification.win32': Not used on non-Windows systems
[32.502s] INFO:colcon.colcon_notification.desktop_notification:Sending desktop notification using 'notify2'
[32.547s] DEBUG:colcon.colcon_core.event_reactor:joined thread
[32.575s] INFO:colcon.colcon_core.shell:Creating prefix script '/home/sas/ros2_ws/src/turtlebot3_walker_ros2/install/local_setup.ps1'
[32.577s] INFO:colcon.colcon_core.shell:Creating prefix util module '/home/sas/ros2_ws/src/turtlebot3_walker_ros2/install/_local_setup_util_ps1.py'
[32.580s] INFO:colcon.colcon_core.shell:Creating prefix chain script '/home/sas/ros2_ws/src/turtlebot3_walker_ros2/install/setup.ps1'
[32.610s] INFO:colcon.colcon_core.shell:Creating prefix script '/home/sas/ros2_ws/src/turtlebot3_walker_ros2/install/local_setup.sh'
[32.612s] INFO:colcon.colcon_core.shell:Creating prefix util module '/home/sas/ros2_ws/src/turtlebot3_walker_ros2/install/_local_setup_util_sh.py'
[32.613s] INFO:colcon.colcon_core.shell:Creating prefix chain script '/home/sas/ros2_ws/src/turtlebot3_walker_ros2/install/setup.sh'
[32.646s] INFO:colcon.colcon_core.shell:Creating prefix script '/home/sas/ros2_ws/src/turtlebot3_walker_ros2/install/local_setup.bash'
[32.648s] INFO:colcon.colcon_core.shell:Creating prefix chain script '/home/sas/ros2_ws/src/turtlebot3_walker_ros2/install/setup.bash'
[32.680s] INFO:colcon.colcon_core.shell:Creating prefix script '/home/sas/ros2_ws/src/turtlebot3_walker_ros2/install/local_setup.zsh'
[32.682s] INFO:colcon.colcon_core.shell:Creating prefix chain script '/home/sas/ros2_ws/src/turtlebot3_walker_ros2/install/setup.zsh'
