[0.268s] Invoking command in '/home/sas/ros2_ws/src/turtlebot3_walker_ros2/build/turtlebot3_walker_ros2': CMAKE_PREFIX_PATH=${CMAKE_PREFIX_PATH}:/opt/ros/humble /usr/bin/cmake --build /home/sas/ros2_ws/src/turtlebot3_walker_ros2/build/turtlebot3_walker_ros2 -- -j8 -l8
[0.525s] [35m[1mConsolidate compiler generated dependencies of target walker[0m
[0.572s] [100%] Built target walker
[0.601s] Invoked command in '/home/sas/ros2_ws/src/turtlebot3_walker_ros2/build/turtlebot3_walker_ros2' returned '0': CMAKE_PREFIX_PATH=${CMAKE_PREFIX_PATH}:/opt/ros/humble /usr/bin/cmake --build /home/sas/ros2_ws/src/turtlebot3_walker_ros2/build/turtlebot3_walker_ros2 -- -j8 -l8
[0.700s] Invoking command in '/home/sas/ros2_ws/src/turtlebot3_walker_ros2/build/turtlebot3_walker_ros2': CMAKE_PREFIX_PATH=${CMAKE_PREFIX_PATH}:/opt/ros/humble /usr/bin/cmake --install /home/sas/ros2_ws/src/turtlebot3_walker_ros2/build/turtlebot3_walker_ros2
[0.716s] -- Install configuration: ""
[0.724s] -- Up-to-date: /home/sas/ros2_ws/src/turtlebot3_walker_ros2/install/turtlebot3_walker_ros2/lib/turtlebot3_walker_ros2/walker
[0.724s] -- Up-to-date: /home/sas/ros2_ws/src/turtlebot3_walker_ros2/install/turtlebot3_walker_ros2/share/turtlebot3_walker_ros2//launch
[0.724s] -- Up-to-date: /home/sas/ros2_ws/src/turtlebot3_walker_ros2/install/turtlebot3_walker_ros2/share/turtlebot3_walker_ros2//launch/launch.py
[0.724s] -- Up-to-date: /home/sas/ros2_ws/src/turtlebot3_walker_ros2/install/turtlebot3_walker_ros2/share/ament_index/resource_index/package_run_dependencies/turtlebot3_walker_ros2
[0.725s] -- Up-to-date: /home/sas/ros2_ws/src/turtlebot3_walker_ros2/install/turtlebot3_walker_ros2/share/ament_index/resource_index/parent_prefix_path/turtlebot3_walker_ros2
[0.725s] -- Up-to-date: /home/sas/ros2_ws/src/turtlebot3_walker_ros2/install/turtlebot3_walker_ros2/share/turtlebot3_walker_ros2/environment/ament_prefix_path.sh
[0.725s] -- Up-to-date: /home/sas/ros2_ws/src/turtlebot3_walker_ros2/install/turtlebot3_walker_ros2/share/turtlebot3_walker_ros2/environment/ament_prefix_path.dsv
[0.725s] -- Up-to-date: /home/sas/ros2_ws/src/turtlebot3_walker_ros2/install/turtlebot3_walker_ros2/share/turtlebot3_walker_ros2/environment/path.sh
[0.726s] -- Up-to-date: /home/sas/ros2_ws/src/turtlebot3_walker_ros2/install/turtlebot3_walker_ros2/share/turtlebot3_walker_ros2/environment/path.dsv
[0.726s] -- Up-to-date: /home/sas/ros2_ws/src/turtlebot3_walker_ros2/install/turtlebot3_walker_ros2/share/turtlebot3_walker_ros2/local_setup.bash
[0.726s] -- Up-to-date: /home/sas/ros2_ws/src/turtlebot3_walker_ros2/install/turtlebot3_walker_ros2/share/turtlebot3_walker_ros2/local_setup.sh
[0.727s] -- Up-to-date: /home/sas/ros2_ws/src/turtlebot3_walker_ros2/install/turtlebot3_walker_ros2/share/turtlebot3_walker_ros2/local_setup.zsh
[0.727s] -- Up-to-date: /home/sas/ros2_ws/src/turtlebot3_walker_ros2/install/turtlebot3_walker_ros2/share/turtlebot3_walker_ros2/local_setup.dsv
[0.727s] -- Installing: /home/sas/ros2_ws/src/turtlebot3_walker_ros2/install/turtlebot3_walker_ros2/share/turtlebot3_walker_ros2/package.dsv
[0.727s] -- Up-to-date: /home/sas/ros2_ws/src/turtlebot3_walker_ros2/install/turtlebot3_walker_ros2/share/ament_index/resource_index/packages/turtlebot3_walker_ros2
[0.727s] -- Up-to-date: /home/sas/ros2_ws/src/turtlebot3_walker_ros2/install/turtlebot3_walker_ros2/share/turtlebot3_walker_ros2/cmake/turtlebot3_walker_ros2Config.cmake
[0.727s] -- Up-to-date: /home/sas/ros2_ws/src/turtlebot3_walker_ros2/install/turtlebot3_walker_ros2/share/turtlebot3_walker_ros2/cmake/turtlebot3_walker_ros2Config-version.cmake
[0.728s] -- Up-to-date: /home/sas/ros2_ws/src/turtlebot3_walker_ros2/install/turtlebot3_walker_ros2/share/turtlebot3_walker_ros2/package.xml
[0.745s] Invoked command in '/home/sas/ros2_ws/src/turtlebot3_walker_ros2/build/turtlebot3_walker_ros2' returned '0': CMAKE_PREFIX_PATH=${CMAKE_PREFIX_PATH}:/opt/ros/humble /usr/bin/cmake --install /home/sas/ros2_ws/src/turtlebot3_walker_ros2/build/turtlebot3_walker_ros2
