[35m[1mConsolidate compiler generated dependencies of target walker[0m
[ 50%] [32mBuilding CXX object CMakeFiles/walker.dir/src/turtle_walker.cpp.o[0m
[100%] [32m[1mLinking CXX executable walker[0m
[100%] Built target walker
-- Install configuration: ""
-- Installing: /home/sas/ros2_ws/src/turtlebot3_walker_ros2/install/turtlebot3_walker_ros2/lib/turtlebot3_walker_ros2/walker
-- Set runtime path of "/home/sas/ros2_ws/src/turtlebot3_walker_ros2/install/turtlebot3_walker_ros2/lib/turtlebot3_walker_ros2/walker" to ""
-- Up-to-date: /home/sas/ros2_ws/src/turtlebot3_walker_ros2/install/turtlebot3_walker_ros2/share/turtlebot3_walker_ros2//launch
-- Up-to-date: /home/sas/ros2_ws/src/turtlebot3_walker_ros2/install/turtlebot3_walker_ros2/share/turtlebot3_walker_ros2//launch/launch.py
-- Up-to-date: /home/sas/ros2_ws/src/turtlebot3_walker_ros2/install/turtlebot3_walker_ros2/share/ament_index/resource_index/package_run_dependencies/turtlebot3_walker_ros2
-- Up-to-date: /home/sas/ros2_ws/src/turtlebot3_walker_ros2/install/turtlebot3_walker_ros2/share/ament_index/resource_index/parent_prefix_path/turtlebot3_walker_ros2
-- Up-to-date: /home/sas/ros2_ws/src/turtlebot3_walker_ros2/install/turtlebot3_walker_ros2/share/turtlebot3_walker_ros2/environment/ament_prefix_path.sh
-- Up-to-date: /home/sas/ros2_ws/src/turtlebot3_walker_ros2/install/turtlebot3_walker_ros2/share/turtlebot3_walker_ros2/environment/ament_prefix_path.dsv
-- Up-to-date: /home/sas/ros2_ws/src/turtlebot3_walker_ros2/install/turtlebot3_walker_ros2/share/turtlebot3_walker_ros2/environment/path.sh
-- Up-to-date: /home/sas/ros2_ws/src/turtlebot3_walker_ros2/install/turtlebot3_walker_ros2/share/turtlebot3_walker_ros2/environment/path.dsv
-- Up-to-date: /home/sas/ros2_ws/src/turtlebot3_walker_ros2/install/turtlebot3_walker_ros2/share/turtlebot3_walker_ros2/local_setup.bash
-- Up-to-date: /home/sas/ros2_ws/src/turtlebot3_walker_ros2/install/turtlebot3_walker_ros2/share/turtlebot3_walker_ros2/local_setup.sh
-- Up-to-date: /home/sas/ros2_ws/src/turtlebot3_walker_ros2/install/turtlebot3_walker_ros2/share/turtlebot3_walker_ros2/local_setup.zsh
-- Up-to-date: /home/sas/ros2_ws/src/turtlebot3_walker_ros2/install/turtlebot3_walker_ros2/share/turtlebot3_walker_ros2/local_setup.dsv
-- Installing: /home/sas/ros2_ws/src/turtlebot3_walker_ros2/install/turtlebot3_walker_ros2/share/turtlebot3_walker_ros2/package.dsv
-- Up-to-date: /home/sas/ros2_ws/src/turtlebot3_walker_ros2/install/turtlebot3_walker_ros2/share/ament_index/resource_index/packages/turtlebot3_walker_ros2
-- Up-to-date: /home/sas/ros2_ws/src/turtlebot3_walker_ros2/install/turtlebot3_walker_ros2/share/turtlebot3_walker_ros2/cmake/turtlebot3_walker_ros2Config.cmake
-- Up-to-date: /home/sas/ros2_ws/src/turtlebot3_walker_ros2/install/turtlebot3_walker_ros2/share/turtlebot3_walker_ros2/cmake/turtlebot3_walker_ros2Config-version.cmake
-- Up-to-date: /home/sas/ros2_ws/src/turtlebot3_walker_ros2/install/turtlebot3_walker_ros2/share/turtlebot3_walker_ros2/package.xml
