[3.292s] DEBUG:colcon:Command line arguments: ['/usr/bin/colcon', 'build', '--packages-select', 'walker_algo']
[3.293s] DEBUG:colcon:Parsed command line arguments: Namespace(log_base=None, log_level=None, verb_name='build', build_base='build', install_base='install', merge_install=False, symlink_install=False, test_result_base=None, continue_on_error=False, executor='parallel', parallel_workers=8, event_handlers=None, ignore_user_meta=False, metas=['./colcon.meta'], base_paths=['.'], packages_ignore=None, packages_ignore_regex=None, paths=None, packages_up_to=None, packages_up_to_regex=None, packages_above=None, packages_above_and_dependencies=None, packages_above_depth=None, packages_select_by_dep=None, packages_skip_by_dep=None, packages_skip_up_to=None, packages_select_build_failed=False, packages_skip_build_finished=False, packages_select_test_failures=False, packages_skip_test_passed=False, packages_select=['walker_algo'], packages_skip=None, packages_select_regex=None, packages_skip_regex=None, packages_start=None, packages_end=None, allow_overriding=[], cmake_args=None, cmake_target=None, cmake_target_skip_unavailable=False, cmake_clean_cache=False, cmake_clean_first=False, cmake_force_configure=False, ament_cmake_args=None, catkin_cmake_args=None, catkin_skip_building_tests=False, verb_parser=<colcon_defaults.argument_parser.defaults.DefaultArgumentsDecorator object at 0x7f161c6958d0>, verb_extension=<colcon_core.verb.build.BuildVerb object at 0x7f161c627bb0>, main=<bound method BuildVerb.main of <colcon_core.verb.build.BuildVerb object at 0x7f161c627bb0>>)
[3.412s] Level 1:colcon.colcon_core.package_discovery:discover_packages(colcon_meta) check parameters
[3.412s] Level 1:colcon.colcon_core.package_discovery:discover_packages(recursive) check parameters
[3.413s] Level 1:colcon.colcon_core.package_discovery:discover_packages(ignore) check parameters
[3.413s] Level 1:colcon.colcon_core.package_discovery:discover_packages(path) check parameters
[3.413s] Level 1:colcon.colcon_core.package_discovery:discover_packages(colcon_meta) discover
[3.413s] Level 1:colcon.colcon_core.package_discovery:discover_packages(recursive) discover
[3.413s] INFO:colcon.colcon_core.package_discovery:Crawling recursively for packages in '/home/sas/ros2_ws/src/turtlebot3_walker_ros2'
[3.413s] Level 1:colcon.colcon_core.package_identification:_identify(.) by extensions ['ignore', 'ignore_ament_install']
[3.414s] Level 1:colcon.colcon_core.package_identification:_identify(.) by extension 'ignore'
[3.414s] Level 1:colcon.colcon_core.package_identification:_identify(.) by extension 'ignore_ament_install'
[3.414s] Level 1:colcon.colcon_core.package_identification:_identify(.) by extensions ['colcon_pkg']
[3.414s] Level 1:colcon.colcon_core.package_identification:_identify(.) by extension 'colcon_pkg'
[3.414s] Level 1:colcon.colcon_core.package_identification:_identify(.) by extensions ['colcon_meta']
[3.414s] Level 1:colcon.colcon_core.package_identification:_identify(.) by extension 'colcon_meta'
[3.414s] Level 1:colcon.colcon_core.package_identification:_identify(.) by extensions ['ros']
[3.414s] Level 1:colcon.colcon_core.package_identification:_identify(.) by extension 'ros'
[3.460s] DEBUG:colcon.colcon_core.package_identification:Package '.' with type 'ros.ament_cmake' and name 'turtlebot3_walker_ros2'
[3.460s] Level 1:colcon.colcon_core.package_discovery:discover_packages(recursive) using defaults
[3.461s] Level 1:colcon.colcon_core.package_discovery:discover_packages(ignore) discover
[3.461s] Level 1:colcon.colcon_core.package_discovery:discover_packages(ignore) using defaults
[3.461s] Level 1:colcon.colcon_core.package_discovery:discover_packages(path) discover
[3.461s] Level 1:colcon.colcon_core.package_discovery:discover_packages(path) using defaults
[3.508s] WARNING:colcon.colcon_core.package_selection:ignoring unknown package 'walker_algo' in --packages-select
[3.658s] INFO:colcon.colcon_core.package_selection:Skipping not selected package 'turtlebot3_walker_ros2' in '.'
[3.716s] Level 1:colcon.colcon_core.package_discovery:discover_packages(prefix_path) check parameters
[3.716s] Level 1:colcon.colcon_core.package_discovery:discover_packages(prefix_path) discover
[3.799s] DEBUG:colcon.colcon_installed_package_information.package_discovery:Found 434 installed packages in /opt/ros/humble
[3.820s] Level 1:colcon.colcon_core.package_discovery:discover_packages(prefix_path) using defaults
[4.051s] INFO:colcon.colcon_core.executor:Executing jobs using 'parallel' executor
[4.096s] DEBUG:colcon.colcon_parallel_executor.executor.parallel:run_until_complete
[4.096s] DEBUG:colcon.colcon_parallel_executor.executor.parallel:closing loop
[4.096s] DEBUG:colcon.colcon_parallel_executor.executor.parallel:loop closed
[4.096s] DEBUG:colcon.colcon_parallel_executor.executor.parallel:run_until_complete finished with '0'
[4.097s] DEBUG:colcon.colcon_core.event_reactor:joining thread
[4.168s] INFO:colcon.colcon_core.plugin_system:Skipping extension 'colcon_notification.desktop_notification.terminal_notifier': Not used on non-Darwin systems
[4.168s] INFO:colcon.colcon_core.plugin_system:Skipping extension 'colcon_notification.desktop_notification.win32': Not used on non-Windows systems
[4.168s] INFO:colcon.colcon_notification.desktop_notification:Sending desktop notification using 'notify2'
[4.278s] DEBUG:colcon.colcon_core.event_reactor:joined thread
[4.367s] INFO:colcon.colcon_core.plugin_system:Skipping extension 'colcon_core.shell.bat': Not used on non-Windows systems
[4.368s] INFO:colcon.colcon_core.shell:Creating prefix script '/home/sas/ros2_ws/src/turtlebot3_walker_ros2/install/local_setup.ps1'
[4.373s] INFO:colcon.colcon_core.shell:Creating prefix util module '/home/sas/ros2_ws/src/turtlebot3_walker_ros2/install/_local_setup_util_ps1.py'
[4.377s] INFO:colcon.colcon_core.shell:Creating prefix chain script '/home/sas/ros2_ws/src/turtlebot3_walker_ros2/install/setup.ps1'
[4.431s] INFO:colcon.colcon_core.shell:Creating prefix script '/home/sas/ros2_ws/src/turtlebot3_walker_ros2/install/local_setup.sh'
[4.433s] INFO:colcon.colcon_core.shell:Creating prefix util module '/home/sas/ros2_ws/src/turtlebot3_walker_ros2/install/_local_setup_util_sh.py'
[4.434s] INFO:colcon.colcon_core.shell:Creating prefix chain script '/home/sas/ros2_ws/src/turtlebot3_walker_ros2/install/setup.sh'
[4.466s] INFO:colcon.colcon_core.shell:Creating prefix script '/home/sas/ros2_ws/src/turtlebot3_walker_ros2/install/local_setup.bash'
[4.468s] INFO:colcon.colcon_core.shell:Creating prefix chain script '/home/sas/ros2_ws/src/turtlebot3_walker_ros2/install/setup.bash'
[4.498s] INFO:colcon.colcon_core.shell:Creating prefix script '/home/sas/ros2_ws/src/turtlebot3_walker_ros2/install/local_setup.zsh'
[4.501s] INFO:colcon.colcon_core.shell:Creating prefix chain script '/home/sas/ros2_ws/src/turtlebot3_walker_ros2/install/setup.zsh'
