[0.107s] Invoking command in '/home/sas/ros2_ws/src/turtlebot3_walker_ros2/build/turtlebot3_walker_ros2': CMAKE_PREFIX_PATH=/opt/ros/humble /usr/bin/cmake /home/sas/ros2_ws/src/turtlebot3_walker_ros2 -DCMAKE_INSTALL_PREFIX=/home/sas/ros2_ws/src/turtlebot3_walker_ros2/install/turtlebot3_walker_ros2
[0.575s] -- The C compiler identification is GNU 11.4.0
[0.875s] -- The CXX compiler identification is GNU 11.4.0
[0.911s] -- Detecting C compiler ABI info
[1.148s] -- Detecting C compiler ABI info - done
[1.161s] -- Check for working C compiler: /usr/bin/cc - skipped
[1.172s] -- Detecting C compile features
[1.174s] -- Detecting C compile features - done
[1.183s] -- Detecting CXX compiler ABI info
[1.417s] -- Detecting CXX compiler ABI info - done
[1.428s] -- Check for working CXX compiler: /usr/bin/c++ - skipped
[1.428s] -- Detecting CXX compile features
[1.429s] -- Detecting CXX compile features - done
[1.442s] -- Found ament_cmake: 1.3.6 (/opt/ros/humble/share/ament_cmake/cmake)
[1.840s] -- Found Python3: /usr/bin/python3.10 (found version "3.10.12") found components: Interpreter 
[2.084s] -- Found rclcpp: 16.0.7 (/opt/ros/humble/share/rclcpp/cmake)
[2.186s] -- Found rosidl_generator_c: 3.1.5 (/opt/ros/humble/share/rosidl_generator_c/cmake)
[2.196s] -- Found rosidl_adapter: 3.1.5 (/opt/ros/humble/share/rosidl_adapter/cmake)
[2.216s] -- Found rosidl_generator_cpp: 3.1.5 (/opt/ros/humble/share/rosidl_generator_cpp/cmake)
[2.249s] -- Using all available rosidl_typesupport_c: rosidl_typesupport_fastrtps_c;rosidl_typesupport_introspection_c
[2.295s] -- Using all available rosidl_typesupport_cpp: rosidl_typesupport_fastrtps_cpp;rosidl_typesupport_introspection_cpp
[2.471s] -- Found rmw_implementation_cmake: 6.1.1 (/opt/ros/humble/share/rmw_implementation_cmake/cmake)
[2.477s] -- Found rmw_fastrtps_cpp: 6.2.5 (/opt/ros/humble/share/rmw_fastrtps_cpp/cmake)
[2.693s] -- Found OpenSSL: /usr/lib/x86_64-linux-gnu/libcrypto.so (found version "3.0.2")  
[2.753s] -- Found FastRTPS: /opt/ros/humble/include  
[2.851s] -- Using RMW implementation 'rmw_fastrtps_cpp' as default
[2.888s] -- Looking for pthread.h
[3.116s] -- Looking for pthread.h - found
[3.117s] -- Performing Test CMAKE_HAVE_LIBC_PTHREAD
[3.276s] -- Performing Test CMAKE_HAVE_LIBC_PTHREAD - Success
[3.279s] -- Found Threads: TRUE  
[3.689s] -- Found rosidl_default_generators: 1.2.0 (/opt/ros/humble/share/rosidl_default_generators/cmake)
[3.715s] -- Found sensor_msgs: 4.2.3 (/opt/ros/humble/share/sensor_msgs/cmake)
[4.004s] -- Found turtlesim: 1.4.2 (/opt/ros/humble/share/turtlesim/cmake)
[4.307s] -- Found ament_lint_auto: 0.12.9 (/opt/ros/humble/share/ament_lint_auto/cmake)
[4.542s] -- Added test 'cppcheck' to perform static code analysis on C / C++ code
[4.542s] -- Configured cppcheck include dirs: 
[4.543s] -- Configured cppcheck exclude dirs and/or files: 
[4.544s] -- Added test 'flake8' to check Python code syntax and style conventions
[4.548s] -- Added test 'lint_cmake' to check CMake code style
[4.550s] -- Added test 'pep257' to check Python code against some of the docstring style conventions in PEP 257
[4.557s] -- Added test 'uncrustify' to check C / C++ code style
[4.558s] -- Configured uncrustify additional arguments: 
[4.561s] -- Added test 'xmllint' to check XML markup files
[4.566s] -- Configuring done
[4.586s] -- Generating done
[4.591s] -- Build files have been written to: /home/sas/ros2_ws/src/turtlebot3_walker_ros2/build/turtlebot3_walker_ros2
[4.637s] Invoked command in '/home/sas/ros2_ws/src/turtlebot3_walker_ros2/build/turtlebot3_walker_ros2' returned '0': CMAKE_PREFIX_PATH=/opt/ros/humble /usr/bin/cmake /home/sas/ros2_ws/src/turtlebot3_walker_ros2 -DCMAKE_INSTALL_PREFIX=/home/sas/ros2_ws/src/turtlebot3_walker_ros2/install/turtlebot3_walker_ros2
[4.640s] Invoking command in '/home/sas/ros2_ws/src/turtlebot3_walker_ros2/build/turtlebot3_walker_ros2': CMAKE_PREFIX_PATH=/opt/ros/humble /usr/bin/cmake --build /home/sas/ros2_ws/src/turtlebot3_walker_ros2/build/turtlebot3_walker_ros2 -- -j8 -l8
[4.726s] [ 50%] [32mBuilding CXX object CMakeFiles/walker.dir/src/turtle_walker.cpp.o[0m
[27.935s] [100%] [32m[1mLinking CXX executable walker[0m
[28.781s] [100%] Built target walker
[28.800s] Invoked command in '/home/sas/ros2_ws/src/turtlebot3_walker_ros2/build/turtlebot3_walker_ros2' returned '0': CMAKE_PREFIX_PATH=/opt/ros/humble /usr/bin/cmake --build /home/sas/ros2_ws/src/turtlebot3_walker_ros2/build/turtlebot3_walker_ros2 -- -j8 -l8
[28.864s] Invoking command in '/home/sas/ros2_ws/src/turtlebot3_walker_ros2/build/turtlebot3_walker_ros2': CMAKE_PREFIX_PATH=/opt/ros/humble /usr/bin/cmake --install /home/sas/ros2_ws/src/turtlebot3_walker_ros2/build/turtlebot3_walker_ros2
[28.877s] -- Install configuration: ""
[28.877s] -- Installing: /home/sas/ros2_ws/src/turtlebot3_walker_ros2/install/turtlebot3_walker_ros2/lib/turtlebot3_walker_ros2/walker
[28.882s] -- Set runtime path of "/home/sas/ros2_ws/src/turtlebot3_walker_ros2/install/turtlebot3_walker_ros2/lib/turtlebot3_walker_ros2/walker" to ""
[28.883s] -- Installing: /home/sas/ros2_ws/src/turtlebot3_walker_ros2/install/turtlebot3_walker_ros2/share/turtlebot3_walker_ros2//launch
[28.884s] -- Installing: /home/sas/ros2_ws/src/turtlebot3_walker_ros2/install/turtlebot3_walker_ros2/share/turtlebot3_walker_ros2//launch/launch.py
[28.885s] -- Installing: /home/sas/ros2_ws/src/turtlebot3_walker_ros2/install/turtlebot3_walker_ros2/share/ament_index/resource_index/package_run_dependencies/turtlebot3_walker_ros2
[28.885s] -- Installing: /home/sas/ros2_ws/src/turtlebot3_walker_ros2/install/turtlebot3_walker_ros2/share/ament_index/resource_index/parent_prefix_path/turtlebot3_walker_ros2
[28.886s] -- Installing: /home/sas/ros2_ws/src/turtlebot3_walker_ros2/install/turtlebot3_walker_ros2/share/turtlebot3_walker_ros2/environment/ament_prefix_path.sh
[28.886s] -- Installing: /home/sas/ros2_ws/src/turtlebot3_walker_ros2/install/turtlebot3_walker_ros2/share/turtlebot3_walker_ros2/environment/ament_prefix_path.dsv
[28.886s] -- Installing: /home/sas/ros2_ws/src/turtlebot3_walker_ros2/install/turtlebot3_walker_ros2/share/turtlebot3_walker_ros2/environment/path.sh
[28.887s] -- Installing: /home/sas/ros2_ws/src/turtlebot3_walker_ros2/install/turtlebot3_walker_ros2/share/turtlebot3_walker_ros2/environment/path.dsv
[28.887s] -- Installing: /home/sas/ros2_ws/src/turtlebot3_walker_ros2/install/turtlebot3_walker_ros2/share/turtlebot3_walker_ros2/local_setup.bash
[28.887s] -- Installing: /home/sas/ros2_ws/src/turtlebot3_walker_ros2/install/turtlebot3_walker_ros2/share/turtlebot3_walker_ros2/local_setup.sh
[28.887s] -- Installing: /home/sas/ros2_ws/src/turtlebot3_walker_ros2/install/turtlebot3_walker_ros2/share/turtlebot3_walker_ros2/local_setup.zsh
[28.887s] -- Installing: /home/sas/ros2_ws/src/turtlebot3_walker_ros2/install/turtlebot3_walker_ros2/share/turtlebot3_walker_ros2/local_setup.dsv
[28.888s] -- Installing: /home/sas/ros2_ws/src/turtlebot3_walker_ros2/install/turtlebot3_walker_ros2/share/turtlebot3_walker_ros2/package.dsv
[28.888s] -- Installing: /home/sas/ros2_ws/src/turtlebot3_walker_ros2/install/turtlebot3_walker_ros2/share/ament_index/resource_index/packages/turtlebot3_walker_ros2
[28.888s] -- Installing: /home/sas/ros2_ws/src/turtlebot3_walker_ros2/install/turtlebot3_walker_ros2/share/turtlebot3_walker_ros2/cmake/turtlebot3_walker_ros2Config.cmake
[28.888s] -- Installing: /home/sas/ros2_ws/src/turtlebot3_walker_ros2/install/turtlebot3_walker_ros2/share/turtlebot3_walker_ros2/cmake/turtlebot3_walker_ros2Config-version.cmake
[28.888s] -- Installing: /home/sas/ros2_ws/src/turtlebot3_walker_ros2/install/turtlebot3_walker_ros2/share/turtlebot3_walker_ros2/package.xml
[28.890s] Invoked command in '/home/sas/ros2_ws/src/turtlebot3_walker_ros2/build/turtlebot3_walker_ros2' returned '0': CMAKE_PREFIX_PATH=/opt/ros/humble /usr/bin/cmake --install /home/sas/ros2_ws/src/turtlebot3_walker_ros2/build/turtlebot3_walker_ros2
