[2.581s] DEBUG:colcon:Command line arguments: ['/usr/bin/colcon', 'build', '--packages-select', 'turtlebot3_walker_ros2']
[2.581s] DEBUG:colcon:Parsed command line arguments: Namespace(log_base=None, log_level=None, verb_name='build', build_base='build', install_base='install', merge_install=False, symlink_install=False, test_result_base=None, continue_on_error=False, executor='parallel', parallel_workers=8, event_handlers=None, ignore_user_meta=False, metas=['./colcon.meta'], base_paths=['.'], packages_ignore=None, packages_ignore_regex=None, paths=None, packages_up_to=None, packages_up_to_regex=None, packages_above=None, packages_above_and_dependencies=None, packages_above_depth=None, packages_select_by_dep=None, packages_skip_by_dep=None, packages_skip_up_to=None, packages_select_build_failed=False, packages_skip_build_finished=False, packages_select_test_failures=False, packages_skip_test_passed=False, packages_select=['turtlebot3_walker_ros2'], packages_skip=None, packages_select_regex=None, packages_skip_regex=None, packages_start=None, packages_end=None, allow_overriding=[], cmake_args=None, cmake_target=None, cmake_target_skip_unavailable=False, cmake_clean_cache=False, cmake_clean_first=False, cmake_force_configure=False, ament_cmake_args=None, catkin_cmake_args=None, catkin_skip_building_tests=False, verb_parser=<colcon_defaults.argument_parser.defaults.DefaultArgumentsDecorator object at 0x7f1ba3b75a20>, verb_extension=<colcon_core.verb.build.BuildVerb object at 0x7f1ba3ae14b0>, main=<bound method BuildVerb.main of <colcon_core.verb.build.BuildVerb object at 0x7f1ba3ae14b0>>)
[2.737s] Level 1:colcon.colcon_core.package_discovery:discover_packages(colcon_meta) check parameters
[2.738s] Level 1:colcon.colcon_core.package_discovery:discover_packages(recursive) check parameters
[2.738s] Level 1:colcon.colcon_core.package_discovery:discover_packages(ignore) check parameters
[2.738s] Level 1:colcon.colcon_core.package_discovery:discover_packages(path) check parameters
[2.738s] Level 1:colcon.colcon_core.package_discovery:discover_packages(colcon_meta) discover
[2.738s] Level 1:colcon.colcon_core.package_discovery:discover_packages(recursive) discover
[2.738s] INFO:colcon.colcon_core.package_discovery:Crawling recursively for packages in '/home/sas/ros2_ws/src/turtlebot3_walker_ros2'
[2.738s] Level 1:colcon.colcon_core.package_identification:_identify(.) by extensions ['ignore', 'ignore_ament_install']
[2.739s] Level 1:colcon.colcon_core.package_identification:_identify(.) by extension 'ignore'
[2.740s] Level 1:colcon.colcon_core.package_identification:_identify(.) by extension 'ignore_ament_install'
[2.740s] Level 1:colcon.colcon_core.package_identification:_identify(.) by extensions ['colcon_pkg']
[2.741s] Level 1:colcon.colcon_core.package_identification:_identify(.) by extension 'colcon_pkg'
[2.741s] Level 1:colcon.colcon_core.package_identification:_identify(.) by extensions ['colcon_meta']
[2.741s] Level 1:colcon.colcon_core.package_identification:_identify(.) by extension 'colcon_meta'
[2.741s] Level 1:colcon.colcon_core.package_identification:_identify(.) by extensions ['ros']
[2.741s] Level 1:colcon.colcon_core.package_identification:_identify(.) by extension 'ros'
[2.802s] DEBUG:colcon.colcon_core.package_identification:Package '.' with type 'ros.ament_cmake' and name 'turtlebot3_walker_ros2'
[2.803s] Level 1:colcon.colcon_core.package_discovery:discover_packages(recursive) using defaults
[2.803s] Level 1:colcon.colcon_core.package_discovery:discover_packages(ignore) discover
[2.803s] Level 1:colcon.colcon_core.package_discovery:discover_packages(ignore) using defaults
[2.803s] Level 1:colcon.colcon_core.package_discovery:discover_packages(path) discover
[2.803s] Level 1:colcon.colcon_core.package_discovery:discover_packages(path) using defaults
[3.080s] Level 1:colcon.colcon_core.package_discovery:discover_packages(prefix_path) check parameters
[3.080s] Level 1:colcon.colcon_core.package_discovery:discover_packages(prefix_path) discover
[3.179s] DEBUG:colcon.colcon_installed_package_information.package_discovery:Found 1 installed packages in /home/sas/ros2_ws/src/walker_algo-main/install
[3.217s] DEBUG:colcon.colcon_installed_package_information.package_discovery:Found 1 installed packages in /home/sas/ros2_ws/src/turtlebot3_walker_ros2/install
[3.276s] DEBUG:colcon.colcon_installed_package_information.package_discovery:Found 434 installed packages in /opt/ros/humble
[3.283s] Level 1:colcon.colcon_core.package_discovery:discover_packages(prefix_path) using defaults
[3.604s] Level 5:colcon.colcon_core.verb:set package 'turtlebot3_walker_ros2' build argument 'cmake_args' from command line to 'None'
[3.605s] Level 5:colcon.colcon_core.verb:set package 'turtlebot3_walker_ros2' build argument 'cmake_target' from command line to 'None'
[3.605s] Level 5:colcon.colcon_core.verb:set package 'turtlebot3_walker_ros2' build argument 'cmake_target_skip_unavailable' from command line to 'False'
[3.605s] Level 5:colcon.colcon_core.verb:set package 'turtlebot3_walker_ros2' build argument 'cmake_clean_cache' from command line to 'False'
[3.605s] Level 5:colcon.colcon_core.verb:set package 'turtlebot3_walker_ros2' build argument 'cmake_clean_first' from command line to 'False'
[3.605s] Level 5:colcon.colcon_core.verb:set package 'turtlebot3_walker_ros2' build argument 'cmake_force_configure' from command line to 'False'
[3.605s] Level 5:colcon.colcon_core.verb:set package 'turtlebot3_walker_ros2' build argument 'ament_cmake_args' from command line to 'None'
[3.605s] Level 5:colcon.colcon_core.verb:set package 'turtlebot3_walker_ros2' build argument 'catkin_cmake_args' from command line to 'None'
[3.605s] Level 5:colcon.colcon_core.verb:set package 'turtlebot3_walker_ros2' build argument 'catkin_skip_building_tests' from command line to 'False'
[3.606s] DEBUG:colcon.colcon_core.verb:Building package 'turtlebot3_walker_ros2' with the following arguments: {'ament_cmake_args': None, 'build_base': '/home/sas/ros2_ws/src/turtlebot3_walker_ros2/build/turtlebot3_walker_ros2', 'catkin_cmake_args': None, 'catkin_skip_building_tests': False, 'cmake_args': None, 'cmake_clean_cache': False, 'cmake_clean_first': False, 'cmake_force_configure': False, 'cmake_target': None, 'cmake_target_skip_unavailable': False, 'install_base': '/home/sas/ros2_ws/src/turtlebot3_walker_ros2/install/turtlebot3_walker_ros2', 'merge_install': False, 'path': '/home/sas/ros2_ws/src/turtlebot3_walker_ros2', 'symlink_install': False, 'test_result_base': None}
[3.641s] INFO:colcon.colcon_core.executor:Executing jobs using 'parallel' executor
[3.681s] DEBUG:colcon.colcon_parallel_executor.executor.parallel:run_until_complete
[3.682s] INFO:colcon.colcon_ros.task.ament_cmake.build:Building ROS package in '/home/sas/ros2_ws/src/turtlebot3_walker_ros2' with build type 'ament_cmake'
[3.682s] INFO:colcon.colcon_cmake.task.cmake.build:Building CMake package in '/home/sas/ros2_ws/src/turtlebot3_walker_ros2'
[3.734s] INFO:colcon.colcon_core.plugin_system:Skipping extension 'colcon_core.shell.bat': Not used on non-Windows systems
[3.735s] INFO:colcon.colcon_core.shell:Skip shell extension 'powershell' for command environment: Not usable outside of PowerShell
[3.735s] DEBUG:colcon.colcon_core.shell:Skip shell extension 'dsv' for command environment
[3.950s] DEBUG:colcon.colcon_core.event_handler.log_command:Invoking command in '/home/sas/ros2_ws/src/turtlebot3_walker_ros2/build/turtlebot3_walker_ros2': CMAKE_PREFIX_PATH=${CMAKE_PREFIX_PATH}:/opt/ros/humble /usr/bin/cmake --build /home/sas/ros2_ws/src/turtlebot3_walker_ros2/build/turtlebot3_walker_ros2 -- -j8 -l8
[4.283s] DEBUG:colcon.colcon_core.event_handler.log_command:Invoked command in '/home/sas/ros2_ws/src/turtlebot3_walker_ros2/build/turtlebot3_walker_ros2' returned '0': CMAKE_PREFIX_PATH=${CMAKE_PREFIX_PATH}:/opt/ros/humble /usr/bin/cmake --build /home/sas/ros2_ws/src/turtlebot3_walker_ros2/build/turtlebot3_walker_ros2 -- -j8 -l8
[4.387s] DEBUG:colcon.colcon_core.event_handler.log_command:Invoking command in '/home/sas/ros2_ws/src/turtlebot3_walker_ros2/build/turtlebot3_walker_ros2': CMAKE_PREFIX_PATH=${CMAKE_PREFIX_PATH}:/opt/ros/humble /usr/bin/cmake --install /home/sas/ros2_ws/src/turtlebot3_walker_ros2/build/turtlebot3_walker_ros2
[4.423s] Level 1:colcon.colcon_core.environment:create_environment_scripts_only(turtlebot3_walker_ros2)
[4.431s] DEBUG:colcon.colcon_core.event_handler.log_command:Invoked command in '/home/sas/ros2_ws/src/turtlebot3_walker_ros2/build/turtlebot3_walker_ros2' returned '0': CMAKE_PREFIX_PATH=${CMAKE_PREFIX_PATH}:/opt/ros/humble /usr/bin/cmake --install /home/sas/ros2_ws/src/turtlebot3_walker_ros2/build/turtlebot3_walker_ros2
[4.468s] Level 1:colcon.colcon_core.environment:checking '/home/sas/ros2_ws/src/turtlebot3_walker_ros2/install/turtlebot3_walker_ros2' for CMake module files
[4.469s] Level 1:colcon.colcon_core.environment:checking '/home/sas/ros2_ws/src/turtlebot3_walker_ros2/install/turtlebot3_walker_ros2' for CMake config files
[4.470s] Level 1:colcon.colcon_core.shell:create_environment_hook('turtlebot3_walker_ros2', 'cmake_prefix_path')
[4.515s] INFO:colcon.colcon_core.shell:Creating environment hook '/home/sas/ros2_ws/src/turtlebot3_walker_ros2/install/turtlebot3_walker_ros2/share/turtlebot3_walker_ros2/hook/cmake_prefix_path.ps1'
[4.517s] INFO:colcon.colcon_core.shell:Creating environment descriptor '/home/sas/ros2_ws/src/turtlebot3_walker_ros2/install/turtlebot3_walker_ros2/share/turtlebot3_walker_ros2/hook/cmake_prefix_path.dsv'
[4.519s] INFO:colcon.colcon_core.shell:Creating environment hook '/home/sas/ros2_ws/src/turtlebot3_walker_ros2/install/turtlebot3_walker_ros2/share/turtlebot3_walker_ros2/hook/cmake_prefix_path.sh'
[4.524s] Level 1:colcon.colcon_core.environment:checking '/home/sas/ros2_ws/src/turtlebot3_walker_ros2/install/turtlebot3_walker_ros2/lib'
[4.525s] Level 1:colcon.colcon_core.environment:checking '/home/sas/ros2_ws/src/turtlebot3_walker_ros2/install/turtlebot3_walker_ros2/bin'
[4.525s] Level 1:colcon.colcon_core.environment:checking '/home/sas/ros2_ws/src/turtlebot3_walker_ros2/install/turtlebot3_walker_ros2/lib/pkgconfig/turtlebot3_walker_ros2.pc'
[4.526s] Level 1:colcon.colcon_core.environment:checking '/home/sas/ros2_ws/src/turtlebot3_walker_ros2/install/turtlebot3_walker_ros2/lib/python3.10/site-packages'
[4.526s] Level 1:colcon.colcon_core.environment:checking '/home/sas/ros2_ws/src/turtlebot3_walker_ros2/install/turtlebot3_walker_ros2/bin'
[4.574s] INFO:colcon.colcon_core.shell:Creating package script '/home/sas/ros2_ws/src/turtlebot3_walker_ros2/install/turtlebot3_walker_ros2/share/turtlebot3_walker_ros2/package.ps1'
[4.578s] INFO:colcon.colcon_core.shell:Creating package descriptor '/home/sas/ros2_ws/src/turtlebot3_walker_ros2/install/turtlebot3_walker_ros2/share/turtlebot3_walker_ros2/package.dsv'
[4.580s] INFO:colcon.colcon_core.shell:Creating package script '/home/sas/ros2_ws/src/turtlebot3_walker_ros2/install/turtlebot3_walker_ros2/share/turtlebot3_walker_ros2/package.sh'
[4.583s] INFO:colcon.colcon_core.shell:Creating package script '/home/sas/ros2_ws/src/turtlebot3_walker_ros2/install/turtlebot3_walker_ros2/share/turtlebot3_walker_ros2/package.bash'
[4.593s] INFO:colcon.colcon_core.shell:Creating package script '/home/sas/ros2_ws/src/turtlebot3_walker_ros2/install/turtlebot3_walker_ros2/share/turtlebot3_walker_ros2/package.zsh'
[4.594s] Level 1:colcon.colcon_core.environment:create_file_with_runtime_dependencies(/home/sas/ros2_ws/src/turtlebot3_walker_ros2/install/turtlebot3_walker_ros2/share/colcon-core/packages/turtlebot3_walker_ros2)
[4.753s] Level 1:colcon.colcon_core.environment:create_environment_scripts_only(turtlebot3_walker_ros2)
[4.794s] Level 1:colcon.colcon_core.environment:checking '/home/sas/ros2_ws/src/turtlebot3_walker_ros2/install/turtlebot3_walker_ros2' for CMake module files
[4.796s] Level 1:colcon.colcon_core.environment:checking '/home/sas/ros2_ws/src/turtlebot3_walker_ros2/install/turtlebot3_walker_ros2' for CMake config files
[4.796s] Level 1:colcon.colcon_core.shell:create_environment_hook('turtlebot3_walker_ros2', 'cmake_prefix_path')
[4.832s] INFO:colcon.colcon_core.shell:Creating environment hook '/home/sas/ros2_ws/src/turtlebot3_walker_ros2/install/turtlebot3_walker_ros2/share/turtlebot3_walker_ros2/hook/cmake_prefix_path.ps1'
[4.834s] INFO:colcon.colcon_core.shell:Creating environment descriptor '/home/sas/ros2_ws/src/turtlebot3_walker_ros2/install/turtlebot3_walker_ros2/share/turtlebot3_walker_ros2/hook/cmake_prefix_path.dsv'
[4.835s] INFO:colcon.colcon_core.shell:Creating environment hook '/home/sas/ros2_ws/src/turtlebot3_walker_ros2/install/turtlebot3_walker_ros2/share/turtlebot3_walker_ros2/hook/cmake_prefix_path.sh'
[4.837s] Level 1:colcon.colcon_core.environment:checking '/home/sas/ros2_ws/src/turtlebot3_walker_ros2/install/turtlebot3_walker_ros2/lib'
[4.838s] Level 1:colcon.colcon_core.environment:checking '/home/sas/ros2_ws/src/turtlebot3_walker_ros2/install/turtlebot3_walker_ros2/bin'
[4.838s] Level 1:colcon.colcon_core.environment:checking '/home/sas/ros2_ws/src/turtlebot3_walker_ros2/install/turtlebot3_walker_ros2/lib/pkgconfig/turtlebot3_walker_ros2.pc'
[4.838s] Level 1:colcon.colcon_core.environment:checking '/home/sas/ros2_ws/src/turtlebot3_walker_ros2/install/turtlebot3_walker_ros2/lib/python3.10/site-packages'
[4.839s] Level 1:colcon.colcon_core.environment:checking '/home/sas/ros2_ws/src/turtlebot3_walker_ros2/install/turtlebot3_walker_ros2/bin'
[4.879s] INFO:colcon.colcon_core.shell:Creating package script '/home/sas/ros2_ws/src/turtlebot3_walker_ros2/install/turtlebot3_walker_ros2/share/turtlebot3_walker_ros2/package.ps1'
[4.880s] INFO:colcon.colcon_core.shell:Creating package descriptor '/home/sas/ros2_ws/src/turtlebot3_walker_ros2/install/turtlebot3_walker_ros2/share/turtlebot3_walker_ros2/package.dsv'
[4.882s] INFO:colcon.colcon_core.shell:Creating package script '/home/sas/ros2_ws/src/turtlebot3_walker_ros2/install/turtlebot3_walker_ros2/share/turtlebot3_walker_ros2/package.sh'
[4.887s] INFO:colcon.colcon_core.shell:Creating package script '/home/sas/ros2_ws/src/turtlebot3_walker_ros2/install/turtlebot3_walker_ros2/share/turtlebot3_walker_ros2/package.bash'
[4.888s] INFO:colcon.colcon_core.shell:Creating package script '/home/sas/ros2_ws/src/turtlebot3_walker_ros2/install/turtlebot3_walker_ros2/share/turtlebot3_walker_ros2/package.zsh'
[4.891s] Level 1:colcon.colcon_core.environment:create_file_with_runtime_dependencies(/home/sas/ros2_ws/src/turtlebot3_walker_ros2/install/turtlebot3_walker_ros2/share/colcon-core/packages/turtlebot3_walker_ros2)
[4.892s] DEBUG:colcon.colcon_parallel_executor.executor.parallel:closing loop
[4.893s] DEBUG:colcon.colcon_parallel_executor.executor.parallel:loop closed
[4.893s] DEBUG:colcon.colcon_parallel_executor.executor.parallel:run_until_complete finished with '0'
[4.893s] DEBUG:colcon.colcon_core.event_reactor:joining thread
[4.951s] INFO:colcon.colcon_core.plugin_system:Skipping extension 'colcon_notification.desktop_notification.terminal_notifier': Not used on non-Darwin systems
[4.951s] INFO:colcon.colcon_core.plugin_system:Skipping extension 'colcon_notification.desktop_notification.win32': Not used on non-Windows systems
[4.951s] INFO:colcon.colcon_notification.desktop_notification:Sending desktop notification using 'notify2'
[4.994s] DEBUG:colcon.colcon_core.event_reactor:joined thread
[5.054s] INFO:colcon.colcon_core.shell:Creating prefix script '/home/sas/ros2_ws/src/turtlebot3_walker_ros2/install/local_setup.ps1'
[5.056s] INFO:colcon.colcon_core.shell:Creating prefix util module '/home/sas/ros2_ws/src/turtlebot3_walker_ros2/install/_local_setup_util_ps1.py'
[5.059s] INFO:colcon.colcon_core.shell:Creating prefix chain script '/home/sas/ros2_ws/src/turtlebot3_walker_ros2/install/setup.ps1'
[5.099s] INFO:colcon.colcon_core.shell:Creating prefix script '/home/sas/ros2_ws/src/turtlebot3_walker_ros2/install/local_setup.sh'
[5.100s] INFO:colcon.colcon_core.shell:Creating prefix util module '/home/sas/ros2_ws/src/turtlebot3_walker_ros2/install/_local_setup_util_sh.py'
[5.102s] INFO:colcon.colcon_core.shell:Creating prefix chain script '/home/sas/ros2_ws/src/turtlebot3_walker_ros2/install/setup.sh'
[5.157s] INFO:colcon.colcon_core.shell:Creating prefix script '/home/sas/ros2_ws/src/turtlebot3_walker_ros2/install/local_setup.bash'
[5.160s] INFO:colcon.colcon_core.shell:Creating prefix chain script '/home/sas/ros2_ws/src/turtlebot3_walker_ros2/install/setup.bash'
[5.200s] INFO:colcon.colcon_core.shell:Creating prefix script '/home/sas/ros2_ws/src/turtlebot3_walker_ros2/install/local_setup.zsh'
[5.202s] INFO:colcon.colcon_core.shell:Creating prefix chain script '/home/sas/ros2_ws/src/turtlebot3_walker_ros2/install/setup.zsh'
