[2.882s] DEBUG:colcon:Command line arguments: ['/usr/bin/colcon', 'build', '--packages-select', 'turtlebot3_walker_ros2']
[2.882s] DEBUG:colcon:Parsed command line arguments: Namespace(log_base=None, log_level=None, verb_name='build', build_base='build', install_base='install', merge_install=False, symlink_install=False, test_result_base=None, continue_on_error=False, executor='parallel', parallel_workers=8, event_handlers=None, ignore_user_meta=False, metas=['./colcon.meta'], base_paths=['.'], packages_ignore=None, packages_ignore_regex=None, paths=None, packages_up_to=None, packages_up_to_regex=None, packages_above=None, packages_above_and_dependencies=None, packages_above_depth=None, packages_select_by_dep=None, packages_skip_by_dep=None, packages_skip_up_to=None, packages_select_build_failed=False, packages_skip_build_finished=False, packages_select_test_failures=False, packages_skip_test_passed=False, packages_select=['turtlebot3_walker_ros2'], packages_skip=None, packages_select_regex=None, packages_skip_regex=None, packages_start=None, packages_end=None, allow_overriding=[], cmake_args=None, cmake_target=None, cmake_target_skip_unavailable=False, cmake_clean_cache=False, cmake_clean_first=False, cmake_force_configure=False, ament_cmake_args=None, catkin_cmake_args=None, catkin_skip_building_tests=False, verb_parser=<colcon_defaults.argument_parser.defaults.DefaultArgumentsDecorator object at 0x7f3be9fd5840>, verb_extension=<colcon_core.verb.build.BuildVerb object at 0x7f3be9f67bb0>, main=<bound method BuildVerb.main of <colcon_core.verb.build.BuildVerb object at 0x7f3be9f67bb0>>)
[3.047s] Level 1:colcon.colcon_core.package_discovery:discover_packages(colcon_meta) check parameters
[3.053s] Level 1:colcon.colcon_core.package_discovery:discover_packages(recursive) check parameters
[3.054s] Level 1:colcon.colcon_core.package_discovery:discover_packages(ignore) check parameters
[3.054s] Level 1:colcon.colcon_core.package_discovery:discover_packages(path) check parameters
[3.054s] Level 1:colcon.colcon_core.package_discovery:discover_packages(colcon_meta) discover
[3.054s] Level 1:colcon.colcon_core.package_discovery:discover_packages(recursive) discover
[3.054s] INFO:colcon.colcon_core.package_discovery:Crawling recursively for packages in '/home/sas/ros2_ws/src/turtlebot3_walker_ros2'
[3.054s] Level 1:colcon.colcon_core.package_identification:_identify(.) by extensions ['ignore', 'ignore_ament_install']
[3.055s] Level 1:colcon.colcon_core.package_identification:_identify(.) by extension 'ignore'
[3.055s] Level 1:colcon.colcon_core.package_identification:_identify(.) by extension 'ignore_ament_install'
[3.055s] Level 1:colcon.colcon_core.package_identification:_identify(.) by extensions ['colcon_pkg']
[3.055s] Level 1:colcon.colcon_core.package_identification:_identify(.) by extension 'colcon_pkg'
[3.055s] Level 1:colcon.colcon_core.package_identification:_identify(.) by extensions ['colcon_meta']
[3.055s] Level 1:colcon.colcon_core.package_identification:_identify(.) by extension 'colcon_meta'
[3.055s] Level 1:colcon.colcon_core.package_identification:_identify(.) by extensions ['ros']
[3.055s] Level 1:colcon.colcon_core.package_identification:_identify(.) by extension 'ros'
[3.091s] DEBUG:colcon.colcon_core.package_identification:Package '.' with type 'ros.ament_cmake' and name 'turtlebot3_walker_ros2'
[3.091s] Level 1:colcon.colcon_core.package_discovery:discover_packages(recursive) using defaults
[3.092s] Level 1:colcon.colcon_core.package_discovery:discover_packages(ignore) discover
[3.092s] Level 1:colcon.colcon_core.package_discovery:discover_packages(ignore) using defaults
[3.092s] Level 1:colcon.colcon_core.package_discovery:discover_packages(path) discover
[3.092s] Level 1:colcon.colcon_core.package_discovery:discover_packages(path) using defaults
[3.381s] Level 1:colcon.colcon_core.package_discovery:discover_packages(prefix_path) check parameters
[3.381s] Level 1:colcon.colcon_core.package_discovery:discover_packages(prefix_path) discover
[3.458s] DEBUG:colcon.colcon_installed_package_information.package_discovery:Found 434 installed packages in /opt/ros/humble
[3.484s] Level 1:colcon.colcon_core.package_discovery:discover_packages(prefix_path) using defaults
[3.879s] Level 5:colcon.colcon_core.verb:set package 'turtlebot3_walker_ros2' build argument 'cmake_args' from command line to 'None'
[3.880s] Level 5:colcon.colcon_core.verb:set package 'turtlebot3_walker_ros2' build argument 'cmake_target' from command line to 'None'
[3.880s] Level 5:colcon.colcon_core.verb:set package 'turtlebot3_walker_ros2' build argument 'cmake_target_skip_unavailable' from command line to 'False'
[3.881s] Level 5:colcon.colcon_core.verb:set package 'turtlebot3_walker_ros2' build argument 'cmake_clean_cache' from command line to 'False'
[3.882s] Level 5:colcon.colcon_core.verb:set package 'turtlebot3_walker_ros2' build argument 'cmake_clean_first' from command line to 'False'
[3.882s] Level 5:colcon.colcon_core.verb:set package 'turtlebot3_walker_ros2' build argument 'cmake_force_configure' from command line to 'False'
[3.882s] Level 5:colcon.colcon_core.verb:set package 'turtlebot3_walker_ros2' build argument 'ament_cmake_args' from command line to 'None'
[3.883s] Level 5:colcon.colcon_core.verb:set package 'turtlebot3_walker_ros2' build argument 'catkin_cmake_args' from command line to 'None'
[3.883s] Level 5:colcon.colcon_core.verb:set package 'turtlebot3_walker_ros2' build argument 'catkin_skip_building_tests' from command line to 'False'
[3.883s] DEBUG:colcon.colcon_core.verb:Building package 'turtlebot3_walker_ros2' with the following arguments: {'ament_cmake_args': None, 'build_base': '/home/sas/ros2_ws/src/turtlebot3_walker_ros2/build/turtlebot3_walker_ros2', 'catkin_cmake_args': None, 'catkin_skip_building_tests': False, 'cmake_args': None, 'cmake_clean_cache': False, 'cmake_clean_first': False, 'cmake_force_configure': False, 'cmake_target': None, 'cmake_target_skip_unavailable': False, 'install_base': '/home/sas/ros2_ws/src/turtlebot3_walker_ros2/install/turtlebot3_walker_ros2', 'merge_install': False, 'path': '/home/sas/ros2_ws/src/turtlebot3_walker_ros2', 'symlink_install': False, 'test_result_base': None}
[3.929s] INFO:colcon.colcon_core.executor:Executing jobs using 'parallel' executor
[3.992s] DEBUG:colcon.colcon_parallel_executor.executor.parallel:run_until_complete
[4.005s] INFO:colcon.colcon_ros.task.ament_cmake.build:Building ROS package in '/home/sas/ros2_ws/src/turtlebot3_walker_ros2' with build type 'ament_cmake'
[4.005s] INFO:colcon.colcon_cmake.task.cmake.build:Building CMake package in '/home/sas/ros2_ws/src/turtlebot3_walker_ros2'
[4.073s] INFO:colcon.colcon_core.plugin_system:Skipping extension 'colcon_core.shell.bat': Not used on non-Windows systems
[4.073s] INFO:colcon.colcon_core.shell:Skip shell extension 'powershell' for command environment: Not usable outside of PowerShell
[4.073s] DEBUG:colcon.colcon_core.shell:Skip shell extension 'dsv' for command environment
[4.220s] DEBUG:colcon.colcon_core.event_handler.log_command:Invoking command in '/home/sas/ros2_ws/src/turtlebot3_walker_ros2/build/turtlebot3_walker_ros2': CMAKE_PREFIX_PATH=/opt/ros/humble /usr/bin/cmake --build /home/sas/ros2_ws/src/turtlebot3_walker_ros2/build/turtlebot3_walker_ros2 -- -j8 -l8
[35.574s] DEBUG:colcon.colcon_core.event_handler.log_command:Invoked command in '/home/sas/ros2_ws/src/turtlebot3_walker_ros2/build/turtlebot3_walker_ros2' returned '0': CMAKE_PREFIX_PATH=/opt/ros/humble /usr/bin/cmake --build /home/sas/ros2_ws/src/turtlebot3_walker_ros2/build/turtlebot3_walker_ros2 -- -j8 -l8
[35.658s] DEBUG:colcon.colcon_core.event_handler.log_command:Invoking command in '/home/sas/ros2_ws/src/turtlebot3_walker_ros2/build/turtlebot3_walker_ros2': CMAKE_PREFIX_PATH=/opt/ros/humble /usr/bin/cmake --install /home/sas/ros2_ws/src/turtlebot3_walker_ros2/build/turtlebot3_walker_ros2
[35.690s] Level 1:colcon.colcon_core.environment:create_environment_scripts_only(turtlebot3_walker_ros2)
[35.693s] DEBUG:colcon.colcon_core.event_handler.log_command:Invoked command in '/home/sas/ros2_ws/src/turtlebot3_walker_ros2/build/turtlebot3_walker_ros2' returned '0': CMAKE_PREFIX_PATH=/opt/ros/humble /usr/bin/cmake --install /home/sas/ros2_ws/src/turtlebot3_walker_ros2/build/turtlebot3_walker_ros2
[35.753s] Level 1:colcon.colcon_core.environment:checking '/home/sas/ros2_ws/src/turtlebot3_walker_ros2/install/turtlebot3_walker_ros2' for CMake module files
[35.755s] Level 1:colcon.colcon_core.environment:checking '/home/sas/ros2_ws/src/turtlebot3_walker_ros2/install/turtlebot3_walker_ros2' for CMake config files
[35.756s] Level 1:colcon.colcon_core.shell:create_environment_hook('turtlebot3_walker_ros2', 'cmake_prefix_path')
[35.806s] INFO:colcon.colcon_core.shell:Creating environment hook '/home/sas/ros2_ws/src/turtlebot3_walker_ros2/install/turtlebot3_walker_ros2/share/turtlebot3_walker_ros2/hook/cmake_prefix_path.ps1'
[35.818s] INFO:colcon.colcon_core.shell:Creating environment descriptor '/home/sas/ros2_ws/src/turtlebot3_walker_ros2/install/turtlebot3_walker_ros2/share/turtlebot3_walker_ros2/hook/cmake_prefix_path.dsv'
[35.821s] INFO:colcon.colcon_core.shell:Creating environment hook '/home/sas/ros2_ws/src/turtlebot3_walker_ros2/install/turtlebot3_walker_ros2/share/turtlebot3_walker_ros2/hook/cmake_prefix_path.sh'
[35.827s] Level 1:colcon.colcon_core.environment:checking '/home/sas/ros2_ws/src/turtlebot3_walker_ros2/install/turtlebot3_walker_ros2/lib'
[35.830s] Level 1:colcon.colcon_core.environment:checking '/home/sas/ros2_ws/src/turtlebot3_walker_ros2/install/turtlebot3_walker_ros2/bin'
[35.830s] Level 1:colcon.colcon_core.environment:checking '/home/sas/ros2_ws/src/turtlebot3_walker_ros2/install/turtlebot3_walker_ros2/lib/pkgconfig/turtlebot3_walker_ros2.pc'
[35.831s] Level 1:colcon.colcon_core.environment:checking '/home/sas/ros2_ws/src/turtlebot3_walker_ros2/install/turtlebot3_walker_ros2/lib/python3.10/site-packages'
[35.831s] Level 1:colcon.colcon_core.environment:checking '/home/sas/ros2_ws/src/turtlebot3_walker_ros2/install/turtlebot3_walker_ros2/bin'
[35.878s] INFO:colcon.colcon_core.shell:Creating package script '/home/sas/ros2_ws/src/turtlebot3_walker_ros2/install/turtlebot3_walker_ros2/share/turtlebot3_walker_ros2/package.ps1'
[35.881s] INFO:colcon.colcon_core.shell:Creating package descriptor '/home/sas/ros2_ws/src/turtlebot3_walker_ros2/install/turtlebot3_walker_ros2/share/turtlebot3_walker_ros2/package.dsv'
[35.884s] INFO:colcon.colcon_core.shell:Creating package script '/home/sas/ros2_ws/src/turtlebot3_walker_ros2/install/turtlebot3_walker_ros2/share/turtlebot3_walker_ros2/package.sh'
[35.887s] INFO:colcon.colcon_core.shell:Creating package script '/home/sas/ros2_ws/src/turtlebot3_walker_ros2/install/turtlebot3_walker_ros2/share/turtlebot3_walker_ros2/package.bash'
[35.889s] INFO:colcon.colcon_core.shell:Creating package script '/home/sas/ros2_ws/src/turtlebot3_walker_ros2/install/turtlebot3_walker_ros2/share/turtlebot3_walker_ros2/package.zsh'
[35.894s] Level 1:colcon.colcon_core.environment:create_file_with_runtime_dependencies(/home/sas/ros2_ws/src/turtlebot3_walker_ros2/install/turtlebot3_walker_ros2/share/colcon-core/packages/turtlebot3_walker_ros2)
[36.005s] Level 1:colcon.colcon_core.environment:create_environment_scripts_only(turtlebot3_walker_ros2)
[36.067s] Level 1:colcon.colcon_core.environment:checking '/home/sas/ros2_ws/src/turtlebot3_walker_ros2/install/turtlebot3_walker_ros2' for CMake module files
[36.070s] Level 1:colcon.colcon_core.environment:checking '/home/sas/ros2_ws/src/turtlebot3_walker_ros2/install/turtlebot3_walker_ros2' for CMake config files
[36.071s] Level 1:colcon.colcon_core.shell:create_environment_hook('turtlebot3_walker_ros2', 'cmake_prefix_path')
[36.148s] INFO:colcon.colcon_core.shell:Creating environment hook '/home/sas/ros2_ws/src/turtlebot3_walker_ros2/install/turtlebot3_walker_ros2/share/turtlebot3_walker_ros2/hook/cmake_prefix_path.ps1'
[36.151s] INFO:colcon.colcon_core.shell:Creating environment descriptor '/home/sas/ros2_ws/src/turtlebot3_walker_ros2/install/turtlebot3_walker_ros2/share/turtlebot3_walker_ros2/hook/cmake_prefix_path.dsv'
[36.156s] INFO:colcon.colcon_core.shell:Creating environment hook '/home/sas/ros2_ws/src/turtlebot3_walker_ros2/install/turtlebot3_walker_ros2/share/turtlebot3_walker_ros2/hook/cmake_prefix_path.sh'
[36.160s] Level 1:colcon.colcon_core.environment:checking '/home/sas/ros2_ws/src/turtlebot3_walker_ros2/install/turtlebot3_walker_ros2/lib'
[36.161s] Level 1:colcon.colcon_core.environment:checking '/home/sas/ros2_ws/src/turtlebot3_walker_ros2/install/turtlebot3_walker_ros2/bin'
[36.162s] Level 1:colcon.colcon_core.environment:checking '/home/sas/ros2_ws/src/turtlebot3_walker_ros2/install/turtlebot3_walker_ros2/lib/pkgconfig/turtlebot3_walker_ros2.pc'
[36.163s] Level 1:colcon.colcon_core.environment:checking '/home/sas/ros2_ws/src/turtlebot3_walker_ros2/install/turtlebot3_walker_ros2/lib/python3.10/site-packages'
[36.165s] Level 1:colcon.colcon_core.environment:checking '/home/sas/ros2_ws/src/turtlebot3_walker_ros2/install/turtlebot3_walker_ros2/bin'
[36.214s] INFO:colcon.colcon_core.shell:Creating package script '/home/sas/ros2_ws/src/turtlebot3_walker_ros2/install/turtlebot3_walker_ros2/share/turtlebot3_walker_ros2/package.ps1'
[36.216s] INFO:colcon.colcon_core.shell:Creating package descriptor '/home/sas/ros2_ws/src/turtlebot3_walker_ros2/install/turtlebot3_walker_ros2/share/turtlebot3_walker_ros2/package.dsv'
[36.218s] INFO:colcon.colcon_core.shell:Creating package script '/home/sas/ros2_ws/src/turtlebot3_walker_ros2/install/turtlebot3_walker_ros2/share/turtlebot3_walker_ros2/package.sh'
[36.220s] INFO:colcon.colcon_core.shell:Creating package script '/home/sas/ros2_ws/src/turtlebot3_walker_ros2/install/turtlebot3_walker_ros2/share/turtlebot3_walker_ros2/package.bash'
[36.222s] INFO:colcon.colcon_core.shell:Creating package script '/home/sas/ros2_ws/src/turtlebot3_walker_ros2/install/turtlebot3_walker_ros2/share/turtlebot3_walker_ros2/package.zsh'
[36.226s] Level 1:colcon.colcon_core.environment:create_file_with_runtime_dependencies(/home/sas/ros2_ws/src/turtlebot3_walker_ros2/install/turtlebot3_walker_ros2/share/colcon-core/packages/turtlebot3_walker_ros2)
[36.233s] DEBUG:colcon.colcon_parallel_executor.executor.parallel:closing loop
[36.234s] DEBUG:colcon.colcon_parallel_executor.executor.parallel:loop closed
[36.234s] DEBUG:colcon.colcon_parallel_executor.executor.parallel:run_until_complete finished with '0'
[36.234s] DEBUG:colcon.colcon_core.event_reactor:joining thread
[36.313s] INFO:colcon.colcon_core.plugin_system:Skipping extension 'colcon_notification.desktop_notification.terminal_notifier': Not used on non-Darwin systems
[36.314s] INFO:colcon.colcon_core.plugin_system:Skipping extension 'colcon_notification.desktop_notification.win32': Not used on non-Windows systems
[36.314s] INFO:colcon.colcon_notification.desktop_notification:Sending desktop notification using 'notify2'
[36.370s] DEBUG:colcon.colcon_core.event_reactor:joined thread
[36.434s] INFO:colcon.colcon_core.shell:Creating prefix script '/home/sas/ros2_ws/src/turtlebot3_walker_ros2/install/local_setup.ps1'
[36.443s] INFO:colcon.colcon_core.shell:Creating prefix util module '/home/sas/ros2_ws/src/turtlebot3_walker_ros2/install/_local_setup_util_ps1.py'
[36.447s] INFO:colcon.colcon_core.shell:Creating prefix chain script '/home/sas/ros2_ws/src/turtlebot3_walker_ros2/install/setup.ps1'
[36.502s] INFO:colcon.colcon_core.shell:Creating prefix script '/home/sas/ros2_ws/src/turtlebot3_walker_ros2/install/local_setup.sh'
[36.504s] INFO:colcon.colcon_core.shell:Creating prefix util module '/home/sas/ros2_ws/src/turtlebot3_walker_ros2/install/_local_setup_util_sh.py'
[36.515s] INFO:colcon.colcon_core.shell:Creating prefix chain script '/home/sas/ros2_ws/src/turtlebot3_walker_ros2/install/setup.sh'
[36.569s] INFO:colcon.colcon_core.shell:Creating prefix script '/home/sas/ros2_ws/src/turtlebot3_walker_ros2/install/local_setup.bash'
[36.571s] INFO:colcon.colcon_core.shell:Creating prefix chain script '/home/sas/ros2_ws/src/turtlebot3_walker_ros2/install/setup.bash'
[36.618s] INFO:colcon.colcon_core.shell:Creating prefix script '/home/sas/ros2_ws/src/turtlebot3_walker_ros2/install/local_setup.zsh'
[36.629s] INFO:colcon.colcon_core.shell:Creating prefix chain script '/home/sas/ros2_ws/src/turtlebot3_walker_ros2/install/setup.zsh'
