[2.656s] DEBUG:colcon:Command line arguments: ['/usr/bin/colcon', 'build', '--packages-select', 'turtlebot3_walker_ros2']
[2.656s] DEBUG:colcon:Parsed command line arguments: Namespace(log_base=None, log_level=None, verb_name='build', build_base='build', install_base='install', merge_install=False, symlink_install=False, test_result_base=None, continue_on_error=False, executor='parallel', parallel_workers=8, event_handlers=None, ignore_user_meta=False, metas=['./colcon.meta'], base_paths=['.'], packages_ignore=None, packages_ignore_regex=None, paths=None, packages_up_to=None, packages_up_to_regex=None, packages_above=None, packages_above_and_dependencies=None, packages_above_depth=None, packages_select_by_dep=None, packages_skip_by_dep=None, packages_skip_up_to=None, packages_select_build_failed=False, packages_skip_build_finished=False, packages_select_test_failures=False, packages_skip_test_passed=False, packages_select=['turtlebot3_walker_ros2'], packages_skip=None, packages_select_regex=None, packages_skip_regex=None, packages_start=None, packages_end=None, allow_overriding=[], cmake_args=None, cmake_target=None, cmake_target_skip_unavailable=False, cmake_clean_cache=False, cmake_clean_first=False, cmake_force_configure=False, ament_cmake_args=None, catkin_cmake_args=None, catkin_skip_building_tests=False, verb_parser=<colcon_defaults.argument_parser.defaults.DefaultArgumentsDecorator object at 0x7f7c1e8bd9f0>, verb_extension=<colcon_core.verb.build.BuildVerb object at 0x7f7c1e825540>, main=<bound method BuildVerb.main of <colcon_core.verb.build.BuildVerb object at 0x7f7c1e825540>>)
[2.847s] Level 1:colcon.colcon_core.package_discovery:discover_packages(colcon_meta) check parameters
[2.847s] Level 1:colcon.colcon_core.package_discovery:discover_packages(recursive) check parameters
[2.847s] Level 1:colcon.colcon_core.package_discovery:discover_packages(ignore) check parameters
[2.847s] Level 1:colcon.colcon_core.package_discovery:discover_packages(path) check parameters
[2.847s] Level 1:colcon.colcon_core.package_discovery:discover_packages(colcon_meta) discover
[2.848s] Level 1:colcon.colcon_core.package_discovery:discover_packages(recursive) discover
[2.848s] INFO:colcon.colcon_core.package_discovery:Crawling recursively for packages in '/home/sas/ros2_ws/src/turtlebot3_walker_ros2'
[2.848s] Level 1:colcon.colcon_core.package_identification:_identify(.) by extensions ['ignore', 'ignore_ament_install']
[2.848s] Level 1:colcon.colcon_core.package_identification:_identify(.) by extension 'ignore'
[2.848s] Level 1:colcon.colcon_core.package_identification:_identify(.) by extension 'ignore_ament_install'
[2.848s] Level 1:colcon.colcon_core.package_identification:_identify(.) by extensions ['colcon_pkg']
[2.849s] Level 1:colcon.colcon_core.package_identification:_identify(.) by extension 'colcon_pkg'
[2.849s] Level 1:colcon.colcon_core.package_identification:_identify(.) by extensions ['colcon_meta']
[2.849s] Level 1:colcon.colcon_core.package_identification:_identify(.) by extension 'colcon_meta'
[2.849s] Level 1:colcon.colcon_core.package_identification:_identify(.) by extensions ['ros']
[2.849s] Level 1:colcon.colcon_core.package_identification:_identify(.) by extension 'ros'
[2.897s] DEBUG:colcon.colcon_core.package_identification:Package '.' with type 'ros.ament_cmake' and name 'turtlebot3_walker_ros2'
[2.897s] Level 1:colcon.colcon_core.package_discovery:discover_packages(recursive) using defaults
[2.897s] Level 1:colcon.colcon_core.package_discovery:discover_packages(ignore) discover
[2.897s] Level 1:colcon.colcon_core.package_discovery:discover_packages(ignore) using defaults
[2.897s] Level 1:colcon.colcon_core.package_discovery:discover_packages(path) discover
[2.897s] Level 1:colcon.colcon_core.package_discovery:discover_packages(path) using defaults
[3.247s] Level 1:colcon.colcon_core.package_discovery:discover_packages(prefix_path) check parameters
[3.248s] Level 1:colcon.colcon_core.package_discovery:discover_packages(prefix_path) discover
[3.341s] DEBUG:colcon.colcon_installed_package_information.package_discovery:Found 434 installed packages in /opt/ros/humble
[3.365s] Level 1:colcon.colcon_core.package_discovery:discover_packages(prefix_path) using defaults
[3.758s] Level 5:colcon.colcon_core.verb:set package 'turtlebot3_walker_ros2' build argument 'cmake_args' from command line to 'None'
[3.759s] Level 5:colcon.colcon_core.verb:set package 'turtlebot3_walker_ros2' build argument 'cmake_target' from command line to 'None'
[3.759s] Level 5:colcon.colcon_core.verb:set package 'turtlebot3_walker_ros2' build argument 'cmake_target_skip_unavailable' from command line to 'False'
[3.759s] Level 5:colcon.colcon_core.verb:set package 'turtlebot3_walker_ros2' build argument 'cmake_clean_cache' from command line to 'False'
[3.759s] Level 5:colcon.colcon_core.verb:set package 'turtlebot3_walker_ros2' build argument 'cmake_clean_first' from command line to 'False'
[3.759s] Level 5:colcon.colcon_core.verb:set package 'turtlebot3_walker_ros2' build argument 'cmake_force_configure' from command line to 'False'
[3.759s] Level 5:colcon.colcon_core.verb:set package 'turtlebot3_walker_ros2' build argument 'ament_cmake_args' from command line to 'None'
[3.759s] Level 5:colcon.colcon_core.verb:set package 'turtlebot3_walker_ros2' build argument 'catkin_cmake_args' from command line to 'None'
[3.759s] Level 5:colcon.colcon_core.verb:set package 'turtlebot3_walker_ros2' build argument 'catkin_skip_building_tests' from command line to 'False'
[3.759s] DEBUG:colcon.colcon_core.verb:Building package 'turtlebot3_walker_ros2' with the following arguments: {'ament_cmake_args': None, 'build_base': '/home/sas/ros2_ws/src/turtlebot3_walker_ros2/build/turtlebot3_walker_ros2', 'catkin_cmake_args': None, 'catkin_skip_building_tests': False, 'cmake_args': None, 'cmake_clean_cache': False, 'cmake_clean_first': False, 'cmake_force_configure': False, 'cmake_target': None, 'cmake_target_skip_unavailable': False, 'install_base': '/home/sas/ros2_ws/src/turtlebot3_walker_ros2/install/turtlebot3_walker_ros2', 'merge_install': False, 'path': '/home/sas/ros2_ws/src/turtlebot3_walker_ros2', 'symlink_install': False, 'test_result_base': None}
[3.805s] INFO:colcon.colcon_core.executor:Executing jobs using 'parallel' executor
[3.852s] DEBUG:colcon.colcon_parallel_executor.executor.parallel:run_until_complete
[3.853s] INFO:colcon.colcon_ros.task.ament_cmake.build:Building ROS package in '/home/sas/ros2_ws/src/turtlebot3_walker_ros2' with build type 'ament_cmake'
[3.853s] INFO:colcon.colcon_cmake.task.cmake.build:Building CMake package in '/home/sas/ros2_ws/src/turtlebot3_walker_ros2'
[3.912s] INFO:colcon.colcon_core.plugin_system:Skipping extension 'colcon_core.shell.bat': Not used on non-Windows systems
[3.912s] INFO:colcon.colcon_core.shell:Skip shell extension 'powershell' for command environment: Not usable outside of PowerShell
[3.912s] DEBUG:colcon.colcon_core.shell:Skip shell extension 'dsv' for command environment
[4.031s] DEBUG:colcon.colcon_core.event_handler.log_command:Invoking command in '/home/sas/ros2_ws/src/turtlebot3_walker_ros2/build/turtlebot3_walker_ros2': CMAKE_PREFIX_PATH=/opt/ros/humble /usr/bin/cmake --build /home/sas/ros2_ws/src/turtlebot3_walker_ros2/build/turtlebot3_walker_ros2 -- -j8 -l8
[33.907s] DEBUG:colcon.colcon_core.event_handler.log_command:Invoked command in '/home/sas/ros2_ws/src/turtlebot3_walker_ros2/build/turtlebot3_walker_ros2' returned '0': CMAKE_PREFIX_PATH=/opt/ros/humble /usr/bin/cmake --build /home/sas/ros2_ws/src/turtlebot3_walker_ros2/build/turtlebot3_walker_ros2 -- -j8 -l8
[34.017s] DEBUG:colcon.colcon_core.event_handler.log_command:Invoking command in '/home/sas/ros2_ws/src/turtlebot3_walker_ros2/build/turtlebot3_walker_ros2': CMAKE_PREFIX_PATH=/opt/ros/humble /usr/bin/cmake --install /home/sas/ros2_ws/src/turtlebot3_walker_ros2/build/turtlebot3_walker_ros2
[34.077s] Level 1:colcon.colcon_core.environment:create_environment_scripts_only(turtlebot3_walker_ros2)
[34.125s] DEBUG:colcon.colcon_core.event_handler.log_command:Invoked command in '/home/sas/ros2_ws/src/turtlebot3_walker_ros2/build/turtlebot3_walker_ros2' returned '0': CMAKE_PREFIX_PATH=/opt/ros/humble /usr/bin/cmake --install /home/sas/ros2_ws/src/turtlebot3_walker_ros2/build/turtlebot3_walker_ros2
[34.144s] Level 1:colcon.colcon_core.environment:checking '/home/sas/ros2_ws/src/turtlebot3_walker_ros2/install/turtlebot3_walker_ros2' for CMake module files
[34.145s] Level 1:colcon.colcon_core.environment:checking '/home/sas/ros2_ws/src/turtlebot3_walker_ros2/install/turtlebot3_walker_ros2' for CMake config files
[34.146s] Level 1:colcon.colcon_core.shell:create_environment_hook('turtlebot3_walker_ros2', 'cmake_prefix_path')
[34.174s] INFO:colcon.colcon_core.shell:Creating environment hook '/home/sas/ros2_ws/src/turtlebot3_walker_ros2/install/turtlebot3_walker_ros2/share/turtlebot3_walker_ros2/hook/cmake_prefix_path.ps1'
[34.176s] INFO:colcon.colcon_core.shell:Creating environment descriptor '/home/sas/ros2_ws/src/turtlebot3_walker_ros2/install/turtlebot3_walker_ros2/share/turtlebot3_walker_ros2/hook/cmake_prefix_path.dsv'
[34.179s] INFO:colcon.colcon_core.shell:Creating environment hook '/home/sas/ros2_ws/src/turtlebot3_walker_ros2/install/turtlebot3_walker_ros2/share/turtlebot3_walker_ros2/hook/cmake_prefix_path.sh'
[34.182s] Level 1:colcon.colcon_core.environment:checking '/home/sas/ros2_ws/src/turtlebot3_walker_ros2/install/turtlebot3_walker_ros2/lib'
[34.182s] Level 1:colcon.colcon_core.environment:checking '/home/sas/ros2_ws/src/turtlebot3_walker_ros2/install/turtlebot3_walker_ros2/bin'
[34.182s] Level 1:colcon.colcon_core.environment:checking '/home/sas/ros2_ws/src/turtlebot3_walker_ros2/install/turtlebot3_walker_ros2/lib/pkgconfig/turtlebot3_walker_ros2.pc'
[34.183s] Level 1:colcon.colcon_core.environment:checking '/home/sas/ros2_ws/src/turtlebot3_walker_ros2/install/turtlebot3_walker_ros2/lib/python3.10/site-packages'
[34.183s] Level 1:colcon.colcon_core.environment:checking '/home/sas/ros2_ws/src/turtlebot3_walker_ros2/install/turtlebot3_walker_ros2/bin'
[34.224s] INFO:colcon.colcon_core.shell:Creating package script '/home/sas/ros2_ws/src/turtlebot3_walker_ros2/install/turtlebot3_walker_ros2/share/turtlebot3_walker_ros2/package.ps1'
[34.229s] INFO:colcon.colcon_core.shell:Creating package descriptor '/home/sas/ros2_ws/src/turtlebot3_walker_ros2/install/turtlebot3_walker_ros2/share/turtlebot3_walker_ros2/package.dsv'
[34.231s] INFO:colcon.colcon_core.shell:Creating package script '/home/sas/ros2_ws/src/turtlebot3_walker_ros2/install/turtlebot3_walker_ros2/share/turtlebot3_walker_ros2/package.sh'
[34.234s] INFO:colcon.colcon_core.shell:Creating package script '/home/sas/ros2_ws/src/turtlebot3_walker_ros2/install/turtlebot3_walker_ros2/share/turtlebot3_walker_ros2/package.bash'
[34.237s] INFO:colcon.colcon_core.shell:Creating package script '/home/sas/ros2_ws/src/turtlebot3_walker_ros2/install/turtlebot3_walker_ros2/share/turtlebot3_walker_ros2/package.zsh'
[34.240s] Level 1:colcon.colcon_core.environment:create_file_with_runtime_dependencies(/home/sas/ros2_ws/src/turtlebot3_walker_ros2/install/turtlebot3_walker_ros2/share/colcon-core/packages/turtlebot3_walker_ros2)
[34.401s] Level 1:colcon.colcon_core.environment:create_environment_scripts_only(turtlebot3_walker_ros2)
[34.462s] Level 1:colcon.colcon_core.environment:checking '/home/sas/ros2_ws/src/turtlebot3_walker_ros2/install/turtlebot3_walker_ros2' for CMake module files
[34.464s] Level 1:colcon.colcon_core.environment:checking '/home/sas/ros2_ws/src/turtlebot3_walker_ros2/install/turtlebot3_walker_ros2' for CMake config files
[34.472s] Level 1:colcon.colcon_core.shell:create_environment_hook('turtlebot3_walker_ros2', 'cmake_prefix_path')
[34.513s] INFO:colcon.colcon_core.shell:Creating environment hook '/home/sas/ros2_ws/src/turtlebot3_walker_ros2/install/turtlebot3_walker_ros2/share/turtlebot3_walker_ros2/hook/cmake_prefix_path.ps1'
[34.533s] INFO:colcon.colcon_core.shell:Creating environment descriptor '/home/sas/ros2_ws/src/turtlebot3_walker_ros2/install/turtlebot3_walker_ros2/share/turtlebot3_walker_ros2/hook/cmake_prefix_path.dsv'
[34.536s] INFO:colcon.colcon_core.shell:Creating environment hook '/home/sas/ros2_ws/src/turtlebot3_walker_ros2/install/turtlebot3_walker_ros2/share/turtlebot3_walker_ros2/hook/cmake_prefix_path.sh'
[34.538s] Level 1:colcon.colcon_core.environment:checking '/home/sas/ros2_ws/src/turtlebot3_walker_ros2/install/turtlebot3_walker_ros2/lib'
[34.539s] Level 1:colcon.colcon_core.environment:checking '/home/sas/ros2_ws/src/turtlebot3_walker_ros2/install/turtlebot3_walker_ros2/bin'
[34.539s] Level 1:colcon.colcon_core.environment:checking '/home/sas/ros2_ws/src/turtlebot3_walker_ros2/install/turtlebot3_walker_ros2/lib/pkgconfig/turtlebot3_walker_ros2.pc'
[34.539s] Level 1:colcon.colcon_core.environment:checking '/home/sas/ros2_ws/src/turtlebot3_walker_ros2/install/turtlebot3_walker_ros2/lib/python3.10/site-packages'
[34.540s] Level 1:colcon.colcon_core.environment:checking '/home/sas/ros2_ws/src/turtlebot3_walker_ros2/install/turtlebot3_walker_ros2/bin'
[34.593s] INFO:colcon.colcon_core.shell:Creating package script '/home/sas/ros2_ws/src/turtlebot3_walker_ros2/install/turtlebot3_walker_ros2/share/turtlebot3_walker_ros2/package.ps1'
[34.595s] INFO:colcon.colcon_core.shell:Creating package descriptor '/home/sas/ros2_ws/src/turtlebot3_walker_ros2/install/turtlebot3_walker_ros2/share/turtlebot3_walker_ros2/package.dsv'
[34.597s] INFO:colcon.colcon_core.shell:Creating package script '/home/sas/ros2_ws/src/turtlebot3_walker_ros2/install/turtlebot3_walker_ros2/share/turtlebot3_walker_ros2/package.sh'
[34.599s] INFO:colcon.colcon_core.shell:Creating package script '/home/sas/ros2_ws/src/turtlebot3_walker_ros2/install/turtlebot3_walker_ros2/share/turtlebot3_walker_ros2/package.bash'
[34.600s] INFO:colcon.colcon_core.shell:Creating package script '/home/sas/ros2_ws/src/turtlebot3_walker_ros2/install/turtlebot3_walker_ros2/share/turtlebot3_walker_ros2/package.zsh'
[34.602s] Level 1:colcon.colcon_core.environment:create_file_with_runtime_dependencies(/home/sas/ros2_ws/src/turtlebot3_walker_ros2/install/turtlebot3_walker_ros2/share/colcon-core/packages/turtlebot3_walker_ros2)
[34.603s] DEBUG:colcon.colcon_parallel_executor.executor.parallel:closing loop
[34.604s] DEBUG:colcon.colcon_parallel_executor.executor.parallel:loop closed
[34.605s] DEBUG:colcon.colcon_parallel_executor.executor.parallel:run_until_complete finished with '0'
[34.605s] DEBUG:colcon.colcon_core.event_reactor:joining thread
[34.735s] INFO:colcon.colcon_core.plugin_system:Skipping extension 'colcon_notification.desktop_notification.terminal_notifier': Not used on non-Darwin systems
[34.736s] INFO:colcon.colcon_core.plugin_system:Skipping extension 'colcon_notification.desktop_notification.win32': Not used on non-Windows systems
[34.736s] INFO:colcon.colcon_notification.desktop_notification:Sending desktop notification using 'notify2'
[34.799s] DEBUG:colcon.colcon_core.event_reactor:joined thread
[34.869s] INFO:colcon.colcon_core.shell:Creating prefix script '/home/sas/ros2_ws/src/turtlebot3_walker_ros2/install/local_setup.ps1'
[34.872s] INFO:colcon.colcon_core.shell:Creating prefix util module '/home/sas/ros2_ws/src/turtlebot3_walker_ros2/install/_local_setup_util_ps1.py'
[34.878s] INFO:colcon.colcon_core.shell:Creating prefix chain script '/home/sas/ros2_ws/src/turtlebot3_walker_ros2/install/setup.ps1'
[34.938s] INFO:colcon.colcon_core.shell:Creating prefix script '/home/sas/ros2_ws/src/turtlebot3_walker_ros2/install/local_setup.sh'
[34.940s] INFO:colcon.colcon_core.shell:Creating prefix util module '/home/sas/ros2_ws/src/turtlebot3_walker_ros2/install/_local_setup_util_sh.py'
[34.942s] INFO:colcon.colcon_core.shell:Creating prefix chain script '/home/sas/ros2_ws/src/turtlebot3_walker_ros2/install/setup.sh'
[34.996s] INFO:colcon.colcon_core.shell:Creating prefix script '/home/sas/ros2_ws/src/turtlebot3_walker_ros2/install/local_setup.bash'
[35.000s] INFO:colcon.colcon_core.shell:Creating prefix chain script '/home/sas/ros2_ws/src/turtlebot3_walker_ros2/install/setup.bash'
[35.047s] INFO:colcon.colcon_core.shell:Creating prefix script '/home/sas/ros2_ws/src/turtlebot3_walker_ros2/install/local_setup.zsh'
[35.049s] INFO:colcon.colcon_core.shell:Creating prefix chain script '/home/sas/ros2_ws/src/turtlebot3_walker_ros2/install/setup.zsh'
